
🚀 TINC Auto-Update Service Started
==================================
Update Frequency: Every 4 hours
Next Update: 7/15/2025, 8:50:14 PM

Press Ctrl+C to stop


📊 Starting update: 7/15/2025, 4:50:14 PM
🚀 Starting data fetch...
Fetching TINC burn data...
Using TINC standard emission rate: 1.0 TINC/sec
Fetching burns from block 22711978 to 22927978
Fetching blocks 22711978 to 22712777 (1/270)...
Fetching blocks 22712778 to 22713577 (2/270)...
Fetching blocks 22713578 to 22714377 (3/270)...
Fetching blocks 22714378 to 22715177 (4/270)...
Fetching blocks 22715178 to 22715977 (5/270)...
Fetching blocks 22715978 to 22716777 (6/270)...
Fetching blocks 22716778 to 22717577 (7/270)...
Fetching blocks 22717578 to 22718377 (8/270)...
Fetching blocks 22718378 to 22719177 (9/270)...
Fetching blocks 22719178 to 22719977 (10/270)...
Fetching blocks 22719978 to 22720777 (11/270)...
Fetching blocks 22720778 to 22721577 (12/270)...
Fetching blocks 22721578 to 22722377 (13/270)...
Fetching blocks 22722378 to 22723177 (14/270)...
Fetching blocks 22723178 to 22723977 (15/270)...
Fetching blocks 22723978 to 22724777 (16/270)...
Fetching blocks 22724778 to 22725577 (17/270)...
Fetching blocks 22725578 to 22726377 (18/270)...
Fetching blocks 22726378 to 22727177 (19/270)...
Fetching blocks 22727178 to 22727977 (20/270)...
Fetching blocks 22727978 to 22728777 (21/270)...
Fetching blocks 22728778 to 22729577 (22/270)...
Fetching blocks 22729578 to 22730377 (23/270)...
Fetching blocks 22730378 to 22731177 (24/270)...
Fetching blocks 22731178 to 22731977 (25/270)...
Fetching blocks 22731978 to 22732777 (26/270)...
Fetching blocks 22732778 to 22733577 (27/270)...
Fetching blocks 22733578 to 22734377 (28/270)...
Fetching blocks 22734378 to 22735177 (29/270)...
Fetching blocks 22735178 to 22735977 (30/270)...
Fetching blocks 22735978 to 22736777 (31/270)...
Fetching blocks 22736778 to 22737577 (32/270)...
Fetching blocks 22737578 to 22738377 (33/270)...
Fetching blocks 22738378 to 22739177 (34/270)...
Fetching blocks 22739178 to 22739977 (35/270)...
Fetching blocks 22739978 to 22740777 (36/270)...
Fetching blocks 22740778 to 22741577 (37/270)...
Fetching blocks 22741578 to 22742377 (38/270)...
Fetching blocks 22742378 to 22743177 (39/270)...
Fetching blocks 22743178 to 22743977 (40/270)...
Fetching blocks 22743978 to 22744777 (41/270)...
Fetching blocks 22744778 to 22745577 (42/270)...
Fetching blocks 22745578 to 22746377 (43/270)...
Fetching blocks 22746378 to 22747177 (44/270)...
Fetching blocks 22747178 to 22747977 (45/270)...
Fetching blocks 22747978 to 22748777 (46/270)...
Fetching blocks 22748778 to 22749577 (47/270)...
Fetching blocks 22749578 to 22750377 (48/270)...
Fetching blocks 22750378 to 22751177 (49/270)...
Fetching blocks 22751178 to 22751977 (50/270)...
Fetching blocks 22751978 to 22752777 (51/270)...
Fetching blocks 22752778 to 22753577 (52/270)...
Fetching blocks 22753578 to 22754377 (53/270)...
Fetching blocks 22754378 to 22755177 (54/270)...
Fetching blocks 22755178 to 22755977 (55/270)...
Fetching blocks 22755978 to 22756777 (56/270)...
Fetching blocks 22756778 to 22757577 (57/270)...
Fetching blocks 22757578 to 22758377 (58/270)...
Fetching blocks 22758378 to 22759177 (59/270)...
Fetching blocks 22759178 to 22759977 (60/270)...
Fetching blocks 22759978 to 22760777 (61/270)...
Fetching blocks 22760778 to 22761577 (62/270)...
Fetching blocks 22761578 to 22762377 (63/270)...
Fetching blocks 22762378 to 22763177 (64/270)...
Fetching blocks 22763178 to 22763977 (65/270)...
Fetching blocks 22763978 to 22764777 (66/270)...
Fetching blocks 22764778 to 22765577 (67/270)...
Fetching blocks 22765578 to 22766377 (68/270)...
Fetching blocks 22766378 to 22767177 (69/270)...
Fetching blocks 22767178 to 22767977 (70/270)...
Fetching blocks 22767978 to 22768777 (71/270)...
Fetching blocks 22768778 to 22769577 (72/270)...
Fetching blocks 22769578 to 22770377 (73/270)...
Fetching blocks 22770378 to 22771177 (74/270)...
Fetching blocks 22771178 to 22771977 (75/270)...
Fetching blocks 22771978 to 22772777 (76/270)...
Fetching blocks 22772778 to 22773577 (77/270)...
Fetching blocks 22773578 to 22774377 (78/270)...
Fetching blocks 22774378 to 22775177 (79/270)...
Fetching blocks 22775178 to 22775977 (80/270)...
Fetching blocks 22775978 to 22776777 (81/270)...
Fetching blocks 22776778 to 22777577 (82/270)...
Fetching blocks 22777578 to 22778377 (83/270)...
Fetching blocks 22778378 to 22779177 (84/270)...
Fetching blocks 22779178 to 22779977 (85/270)...
Fetching blocks 22779978 to 22780777 (86/270)...
Fetching blocks 22780778 to 22781577 (87/270)...
Fetching blocks 22781578 to 22782377 (88/270)...
Fetching blocks 22782378 to 22783177 (89/270)...
Fetching blocks 22783178 to 22783977 (90/270)...
Fetching blocks 22783978 to 22784777 (91/270)...
Fetching blocks 22784778 to 22785577 (92/270)...
Fetching blocks 22785578 to 22786377 (93/270)...
Fetching blocks 22786378 to 22787177 (94/270)...
Fetching blocks 22787178 to 22787977 (95/270)...
Fetching blocks 22787978 to 22788777 (96/270)...
Fetching blocks 22788778 to 22789577 (97/270)...
Fetching blocks 22789578 to 22790377 (98/270)...
Fetching blocks 22790378 to 22791177 (99/270)...
Fetching blocks 22791178 to 22791977 (100/270)...
Fetching blocks 22791978 to 22792777 (101/270)...
Fetching blocks 22792778 to 22793577 (102/270)...
Fetching blocks 22793578 to 22794377 (103/270)...
Fetching blocks 22794378 to 22795177 (104/270)...
Fetching blocks 22795178 to 22795977 (105/270)...
Fetching blocks 22795978 to 22796777 (106/270)...
Fetching blocks 22796778 to 22797577 (107/270)...
Fetching blocks 22797578 to 22798377 (108/270)...
Fetching blocks 22798378 to 22799177 (109/270)...
Fetching blocks 22799178 to 22799977 (110/270)...
Fetching blocks 22799978 to 22800777 (111/270)...
Fetching blocks 22800778 to 22801577 (112/270)...
Fetching blocks 22801578 to 22802377 (113/270)...
Fetching blocks 22802378 to 22803177 (114/270)...
Fetching blocks 22803178 to 22803977 (115/270)...
Fetching blocks 22803978 to 22804777 (116/270)...
Fetching blocks 22804778 to 22805577 (117/270)...
Fetching blocks 22805578 to 22806377 (118/270)...
Fetching blocks 22806378 to 22807177 (119/270)...
Fetching blocks 22807178 to 22807977 (120/270)...
Fetching blocks 22807978 to 22808777 (121/270)...
Fetching blocks 22808778 to 22809577 (122/270)...
Fetching blocks 22809578 to 22810377 (123/270)...
Fetching blocks 22810378 to 22811177 (124/270)...
Fetching blocks 22811178 to 22811977 (125/270)...
Fetching blocks 22811978 to 22812777 (126/270)...
Fetching blocks 22812778 to 22813577 (127/270)...
Fetching blocks 22813578 to 22814377 (128/270)...
Fetching blocks 22814378 to 22815177 (129/270)...
Fetching blocks 22815178 to 22815977 (130/270)...
Fetching blocks 22815978 to 22816777 (131/270)...
Fetching blocks 22816778 to 22817577 (132/270)...
Fetching blocks 22817578 to 22818377 (133/270)...
Fetching blocks 22818378 to 22819177 (134/270)...
Fetching blocks 22819178 to 22819977 (135/270)...
Fetching blocks 22819978 to 22820777 (136/270)...
Fetching blocks 22820778 to 22821577 (137/270)...
Fetching blocks 22821578 to 22822377 (138/270)...
Fetching blocks 22822378 to 22823177 (139/270)...
Fetching blocks 22823178 to 22823977 (140/270)...
Fetching blocks 22823978 to 22824777 (141/270)...
Fetching blocks 22824778 to 22825577 (142/270)...
Fetching blocks 22825578 to 22826377 (143/270)...
Fetching blocks 22826378 to 22827177 (144/270)...
Fetching blocks 22827178 to 22827977 (145/270)...
Fetching blocks 22827978 to 22828777 (146/270)...
Fetching blocks 22828778 to 22829577 (147/270)...
Fetching blocks 22829578 to 22830377 (148/270)...
Fetching blocks 22830378 to 22831177 (149/270)...
Fetching blocks 22831178 to 22831977 (150/270)...
Fetching blocks 22831978 to 22832777 (151/270)...
Fetching blocks 22832778 to 22833577 (152/270)...
Fetching blocks 22833578 to 22834377 (153/270)...
Fetching blocks 22834378 to 22835177 (154/270)...
Fetching blocks 22835178 to 22835977 (155/270)...
Fetching blocks 22835978 to 22836777 (156/270)...
Fetching blocks 22836778 to 22837577 (157/270)...
Fetching blocks 22837578 to 22838377 (158/270)...
Fetching blocks 22838378 to 22839177 (159/270)...
Fetching blocks 22839178 to 22839977 (160/270)...
Fetching blocks 22839978 to 22840777 (161/270)...
Fetching blocks 22840778 to 22841577 (162/270)...
Fetching blocks 22841578 to 22842377 (163/270)...
Fetching blocks 22842378 to 22843177 (164/270)...
Fetching blocks 22843178 to 22843977 (165/270)...
Fetching blocks 22843978 to 22844777 (166/270)...
Fetching blocks 22844778 to 22845577 (167/270)...
Fetching blocks 22845578 to 22846377 (168/270)...
Fetching blocks 22846378 to 22847177 (169/270)...
Fetching blocks 22847178 to 22847977 (170/270)...
Fetching blocks 22847978 to 22848777 (171/270)...
Fetching blocks 22848778 to 22849577 (172/270)...
Fetching blocks 22849578 to 22850377 (173/270)...
Fetching blocks 22850378 to 22851177 (174/270)...
Fetching blocks 22851178 to 22851977 (175/270)...
Fetching blocks 22851978 to 22852777 (176/270)...
Fetching blocks 22852778 to 22853577 (177/270)...
Fetching blocks 22853578 to 22854377 (178/270)...
Fetching blocks 22854378 to 22855177 (179/270)...
Fetching blocks 22855178 to 22855977 (180/270)...
Fetching blocks 22855978 to 22856777 (181/270)...
Fetching blocks 22856778 to 22857577 (182/270)...
Fetching blocks 22857578 to 22858377 (183/270)...
Fetching blocks 22858378 to 22859177 (184/270)...
Fetching blocks 22859178 to 22859977 (185/270)...
Fetching blocks 22859978 to 22860777 (186/270)...
Fetching blocks 22860778 to 22861577 (187/270)...
Fetching blocks 22861578 to 22862377 (188/270)...
Fetching blocks 22862378 to 22863177 (189/270)...
Fetching blocks 22863178 to 22863977 (190/270)...
Fetching blocks 22863978 to 22864777 (191/270)...
Fetching blocks 22864778 to 22865577 (192/270)...
Fetching blocks 22865578 to 22866377 (193/270)...
Fetching blocks 22866378 to 22867177 (194/270)...
Fetching blocks 22867178 to 22867977 (195/270)...
Fetching blocks 22867978 to 22868777 (196/270)...
Fetching blocks 22868778 to 22869577 (197/270)...
Fetching blocks 22869578 to 22870377 (198/270)...
Fetching blocks 22870378 to 22871177 (199/270)...
Fetching blocks 22871178 to 22871977 (200/270)...
Fetching blocks 22871978 to 22872777 (201/270)...
Fetching blocks 22872778 to 22873577 (202/270)...
Fetching blocks 22873578 to 22874377 (203/270)...
Fetching blocks 22874378 to 22875177 (204/270)...
Fetching blocks 22875178 to 22875977 (205/270)...
Fetching blocks 22875978 to 22876777 (206/270)...
Fetching blocks 22876778 to 22877577 (207/270)...
Fetching blocks 22877578 to 22878377 (208/270)...
Fetching blocks 22878378 to 22879177 (209/270)...
Fetching blocks 22879178 to 22879977 (210/270)...
Fetching blocks 22879978 to 22880777 (211/270)...
Fetching blocks 22880778 to 22881577 (212/270)...
Fetching blocks 22881578 to 22882377 (213/270)...
Fetching blocks 22882378 to 22883177 (214/270)...
Fetching blocks 22883178 to 22883977 (215/270)...
Fetching blocks 22883978 to 22884777 (216/270)...
Fetching blocks 22884778 to 22885577 (217/270)...
Fetching blocks 22885578 to 22886377 (218/270)...
Fetching blocks 22886378 to 22887177 (219/270)...
Fetching blocks 22887178 to 22887977 (220/270)...
Fetching blocks 22887978 to 22888777 (221/270)...
Fetching blocks 22888778 to 22889577 (222/270)...
Fetching blocks 22889578 to 22890377 (223/270)...
Fetching blocks 22890378 to 22891177 (224/270)...
Fetching blocks 22891178 to 22891977 (225/270)...
Fetching blocks 22891978 to 22892777 (226/270)...
Fetching blocks 22892778 to 22893577 (227/270)...
Fetching blocks 22893578 to 22894377 (228/270)...
Fetching blocks 22894378 to 22895177 (229/270)...
Fetching blocks 22895178 to 22895977 (230/270)...
Fetching blocks 22895978 to 22896777 (231/270)...
Fetching blocks 22896778 to 22897577 (232/270)...
Fetching blocks 22897578 to 22898377 (233/270)...
Fetching blocks 22898378 to 22899177 (234/270)...
Fetching blocks 22899178 to 22899977 (235/270)...
Fetching blocks 22899978 to 22900777 (236/270)...
Fetching blocks 22900778 to 22901577 (237/270)...
Fetching blocks 22901578 to 22902377 (238/270)...
Fetching blocks 22902378 to 22903177 (239/270)...
Fetching blocks 22903178 to 22903977 (240/270)...
Fetching blocks 22903978 to 22904777 (241/270)...
Fetching blocks 22904778 to 22905577 (242/270)...
Fetching blocks 22905578 to 22906377 (243/270)...
Fetching blocks 22906378 to 22907177 (244/270)...
Fetching blocks 22907178 to 22907977 (245/270)...
Fetching blocks 22907978 to 22908777 (246/270)...
Fetching blocks 22908778 to 22909577 (247/270)...
Fetching blocks 22909578 to 22910377 (248/270)...
Fetching blocks 22910378 to 22911177 (249/270)...
Fetching blocks 22911178 to 22911977 (250/270)...
Fetching blocks 22911978 to 22912777 (251/270)...
Fetching blocks 22912778 to 22913577 (252/270)...
Fetching blocks 22913578 to 22914377 (253/270)...
Fetching blocks 22914378 to 22915177 (254/270)...
Fetching blocks 22915178 to 22915977 (255/270)...
Fetching blocks 22915978 to 22916777 (256/270)...
Fetching blocks 22916778 to 22917577 (257/270)...
Fetching blocks 22917578 to 22918377 (258/270)...
Fetching blocks 22918378 to 22919177 (259/270)...
Fetching blocks 22919178 to 22919977 (260/270)...
Fetching blocks 22919978 to 22920777 (261/270)...
Fetching blocks 22920778 to 22921577 (262/270)...
Fetching blocks 22921578 to 22922377 (263/270)...
Fetching blocks 22922378 to 22923177 (264/270)...
Fetching blocks 22923178 to 22923977 (265/270)...
Fetching blocks 22923978 to 22924777 (266/270)...
Fetching blocks 22924778 to 22925577 (267/270)...
Fetching blocks 22925578 to 22926377 (268/270)...
Fetching blocks 22926378 to 22927177 (269/270)...
Fetching blocks 22927178 to 22927977 (270/270)...
Fetching blocks 22927978 to 22927978 (271/270)...
📊 Fetching REAL holder data from Moralis API...
📊 Total Supply: 14,198,445.154 TINC
📊 Fetching holders page 1 from Moralis...
📊 Page 1: Found 100 holders, total: 100
📊 Fetching holders page 2 from Moralis...
📊 Page 2: Found 100 holders, total: 200
📊 Fetching holders page 3 from Moralis...
📊 Page 3: Found 100 holders, total: 300
📊 Fetching holders page 4 from Moralis...
📊 Page 4: Found 100 holders, total: 400
📊 Fetching holders page 5 from Moralis...
📊 Page 5: Found 100 holders, total: 500
📊 Fetching holders page 6 from Moralis...
📊 Page 6: Found 100 holders, total: 600
📊 Fetching holders page 7 from Moralis...
📊 Page 7: Found 100 holders, total: 700
📊 Fetching holders page 8 from Moralis...
📊 Page 8: Found 100 holders, total: 800
📊 Fetching holders page 9 from Moralis...
📊 Page 9: Found 100 holders, total: 900
📊 Fetching holders page 10 from Moralis...
📊 Page 10: Found 83 holders, total: 983
📊 Total holders found: 983
📊 Filtered out 1 LP/contract/zero balance addresses
📊 REAL HOLDER COUNTS (Moralis API):
🔱 Poseidon (10%+): 1
🐋 Whale (1%+): 6
🦈 Shark (0.1%+): 36
🐬 Dolphin (0.01%+): 100
🦑 Squid (0.001%+): 200
🍤 Shrimp (<0.001%): 639
✅ Successfully updated burn data!
📊 Total Supply: 14,187,937.06 TINC
🔥 Total Burned: 719,163.134 TINC
⚡ Emission Rate: 1.0000 TINC/sec
📈 Deflationary: Yes
👥 Total Holders: 982
🔱 Poseidon (10%+): 1
🐋 Whale (1%+): 6
📅 Data saved to: /home/wsl/projects/TINC/data/burn-data.json
✅ Data fetch successful, copying to public folder...
✅ Data copied to public folder
📤 Committing and pushing...
[master e6197c8] Auto-update: 7/15/2025, 4:52:41 PM
 2 files changed, 50 insertions(+), 40 deletions(-)
To https://github.com/MaximCincinnatis/TINC.git
   62e805f..e6197c8  master -> master
✅ Update complete!
⏰ Next update scheduled for: 7/15/2025, 8:52:43 PM


📊 Starting update: 7/15/2025, 8:53:45 PM
🚀 Starting data fetch...
Fetching TINC burn data...
Using TINC standard emission rate: 1.0 TINC/sec
Fetching burns from block 22713188 to 22929188
Fetching blocks 22713188 to 22713987 (1/270)...
Fetching blocks 22713988 to 22714787 (2/270)...
Fetching blocks 22714788 to 22715587 (3/270)...
Fetching blocks 22715588 to 22716387 (4/270)...
Fetching blocks 22716388 to 22717187 (5/270)...
Fetching blocks 22717188 to 22717987 (6/270)...
Fetching blocks 22717988 to 22718787 (7/270)...
Fetching blocks 22718788 to 22719587 (8/270)...
Fetching blocks 22719588 to 22720387 (9/270)...
Fetching blocks 22720388 to 22721187 (10/270)...
Fetching blocks 22721188 to 22721987 (11/270)...
Fetching blocks 22721988 to 22722787 (12/270)...
Fetching blocks 22722788 to 22723587 (13/270)...
Fetching blocks 22723588 to 22724387 (14/270)...
Fetching blocks 22724388 to 22725187 (15/270)...
Fetching blocks 22725188 to 22725987 (16/270)...
Fetching blocks 22725988 to 22726787 (17/270)...
Fetching blocks 22726788 to 22727587 (18/270)...
Fetching blocks 22727588 to 22728387 (19/270)...
Fetching blocks 22728388 to 22729187 (20/270)...
Fetching blocks 22729188 to 22729987 (21/270)...
Fetching blocks 22729988 to 22730787 (22/270)...
Fetching blocks 22730788 to 22731587 (23/270)...
Fetching blocks 22731588 to 22732387 (24/270)...
Fetching blocks 22732388 to 22733187 (25/270)...
Fetching blocks 22733188 to 22733987 (26/270)...
Fetching blocks 22733988 to 22734787 (27/270)...
Fetching blocks 22734788 to 22735587 (28/270)...
Fetching blocks 22735588 to 22736387 (29/270)...
Fetching blocks 22736388 to 22737187 (30/270)...
Fetching blocks 22737188 to 22737987 (31/270)...
Fetching blocks 22737988 to 22738787 (32/270)...
Fetching blocks 22738788 to 22739587 (33/270)...
Fetching blocks 22739588 to 22740387 (34/270)...
Fetching blocks 22740388 to 22741187 (35/270)...
Fetching blocks 22741188 to 22741987 (36/270)...
Fetching blocks 22741988 to 22742787 (37/270)...
Fetching blocks 22742788 to 22743587 (38/270)...
Fetching blocks 22743588 to 22744387 (39/270)...
Fetching blocks 22744388 to 22745187 (40/270)...
Fetching blocks 22745188 to 22745987 (41/270)...
Fetching blocks 22745988 to 22746787 (42/270)...
Fetching blocks 22746788 to 22747587 (43/270)...
Fetching blocks 22747588 to 22748387 (44/270)...
Fetching blocks 22748388 to 22749187 (45/270)...
Fetching blocks 22749188 to 22749987 (46/270)...
Fetching blocks 22749988 to 22750787 (47/270)...
Fetching blocks 22750788 to 22751587 (48/270)...
Fetching blocks 22751588 to 22752387 (49/270)...
Fetching blocks 22752388 to 22753187 (50/270)...
Fetching blocks 22753188 to 22753987 (51/270)...
Fetching blocks 22753988 to 22754787 (52/270)...
Fetching blocks 22754788 to 22755587 (53/270)...
Fetching blocks 22755588 to 22756387 (54/270)...
Fetching blocks 22756388 to 22757187 (55/270)...
Fetching blocks 22757188 to 22757987 (56/270)...
Fetching blocks 22757988 to 22758787 (57/270)...
Fetching blocks 22758788 to 22759587 (58/270)...
Fetching blocks 22759588 to 22760387 (59/270)...
Fetching blocks 22760388 to 22761187 (60/270)...
Fetching blocks 22761188 to 22761987 (61/270)...
Fetching blocks 22761988 to 22762787 (62/270)...
Fetching blocks 22762788 to 22763587 (63/270)...
Fetching blocks 22763588 to 22764387 (64/270)...
Fetching blocks 22764388 to 22765187 (65/270)...
Fetching blocks 22765188 to 22765987 (66/270)...
Fetching blocks 22765988 to 22766787 (67/270)...
Fetching blocks 22766788 to 22767587 (68/270)...
Fetching blocks 22767588 to 22768387 (69/270)...
Fetching blocks 22768388 to 22769187 (70/270)...
Fetching blocks 22769188 to 22769987 (71/270)...
Fetching blocks 22769988 to 22770787 (72/270)...
Fetching blocks 22770788 to 22771587 (73/270)...
Fetching blocks 22771588 to 22772387 (74/270)...
Fetching blocks 22772388 to 22773187 (75/270)...
Fetching blocks 22773188 to 22773987 (76/270)...
Fetching blocks 22773988 to 22774787 (77/270)...
Fetching blocks 22774788 to 22775587 (78/270)...
Fetching blocks 22775588 to 22776387 (79/270)...
Fetching blocks 22776388 to 22777187 (80/270)...
Fetching blocks 22777188 to 22777987 (81/270)...
Fetching blocks 22777988 to 22778787 (82/270)...
Fetching blocks 22778788 to 22779587 (83/270)...
Fetching blocks 22779588 to 22780387 (84/270)...
Fetching blocks 22780388 to 22781187 (85/270)...
Fetching blocks 22781188 to 22781987 (86/270)...
Fetching blocks 22781988 to 22782787 (87/270)...
Fetching blocks 22782788 to 22783587 (88/270)...
Fetching blocks 22783588 to 22784387 (89/270)...
Fetching blocks 22784388 to 22785187 (90/270)...
Fetching blocks 22785188 to 22785987 (91/270)...
Fetching blocks 22785988 to 22786787 (92/270)...
Fetching blocks 22786788 to 22787587 (93/270)...
Fetching blocks 22787588 to 22788387 (94/270)...
Fetching blocks 22788388 to 22789187 (95/270)...
Fetching blocks 22789188 to 22789987 (96/270)...
Fetching blocks 22789988 to 22790787 (97/270)...
Fetching blocks 22790788 to 22791587 (98/270)...
Fetching blocks 22791588 to 22792387 (99/270)...
Fetching blocks 22792388 to 22793187 (100/270)...
Fetching blocks 22793188 to 22793987 (101/270)...
Fetching blocks 22793988 to 22794787 (102/270)...
Fetching blocks 22794788 to 22795587 (103/270)...
Fetching blocks 22795588 to 22796387 (104/270)...
Fetching blocks 22796388 to 22797187 (105/270)...
Fetching blocks 22797188 to 22797987 (106/270)...
Fetching blocks 22797988 to 22798787 (107/270)...
Fetching blocks 22798788 to 22799587 (108/270)...
Fetching blocks 22799588 to 22800387 (109/270)...
Fetching blocks 22800388 to 22801187 (110/270)...
Fetching blocks 22801188 to 22801987 (111/270)...
Fetching blocks 22801988 to 22802787 (112/270)...
Fetching blocks 22802788 to 22803587 (113/270)...
Fetching blocks 22803588 to 22804387 (114/270)...
Fetching blocks 22804388 to 22805187 (115/270)...
Fetching blocks 22805188 to 22805987 (116/270)...
Fetching blocks 22805988 to 22806787 (117/270)...
Fetching blocks 22806788 to 22807587 (118/270)...
Fetching blocks 22807588 to 22808387 (119/270)...
Fetching blocks 22808388 to 22809187 (120/270)...
Fetching blocks 22809188 to 22809987 (121/270)...
Fetching blocks 22809988 to 22810787 (122/270)...
Fetching blocks 22810788 to 22811587 (123/270)...
Fetching blocks 22811588 to 22812387 (124/270)...
Fetching blocks 22812388 to 22813187 (125/270)...
Fetching blocks 22813188 to 22813987 (126/270)...
Fetching blocks 22813988 to 22814787 (127/270)...
Fetching blocks 22814788 to 22815587 (128/270)...
Fetching blocks 22815588 to 22816387 (129/270)...
Fetching blocks 22816388 to 22817187 (130/270)...
Fetching blocks 22817188 to 22817987 (131/270)...
Fetching blocks 22817988 to 22818787 (132/270)...
Fetching blocks 22818788 to 22819587 (133/270)...
Fetching blocks 22819588 to 22820387 (134/270)...
Fetching blocks 22820388 to 22821187 (135/270)...
Fetching blocks 22821188 to 22821987 (136/270)...
Fetching blocks 22821988 to 22822787 (137/270)...
Fetching blocks 22822788 to 22823587 (138/270)...
Fetching blocks 22823588 to 22824387 (139/270)...
Fetching blocks 22824388 to 22825187 (140/270)...
Fetching blocks 22825188 to 22825987 (141/270)...
Fetching blocks 22825988 to 22826787 (142/270)...
Fetching blocks 22826788 to 22827587 (143/270)...
Fetching blocks 22827588 to 22828387 (144/270)...
Fetching blocks 22828388 to 22829187 (145/270)...
Fetching blocks 22829188 to 22829987 (146/270)...
Fetching blocks 22829988 to 22830787 (147/270)...
Fetching blocks 22830788 to 22831587 (148/270)...
Fetching blocks 22831588 to 22832387 (149/270)...
Fetching blocks 22832388 to 22833187 (150/270)...
Fetching blocks 22833188 to 22833987 (151/270)...
Fetching blocks 22833988 to 22834787 (152/270)...
Fetching blocks 22834788 to 22835587 (153/270)...
Fetching blocks 22835588 to 22836387 (154/270)...
Fetching blocks 22836388 to 22837187 (155/270)...
Fetching blocks 22837188 to 22837987 (156/270)...
Fetching blocks 22837988 to 22838787 (157/270)...
Fetching blocks 22838788 to 22839587 (158/270)...
Fetching blocks 22839588 to 22840387 (159/270)...
Fetching blocks 22840388 to 22841187 (160/270)...
Fetching blocks 22841188 to 22841987 (161/270)...
Fetching blocks 22841988 to 22842787 (162/270)...
Fetching blocks 22842788 to 22843587 (163/270)...
Fetching blocks 22843588 to 22844387 (164/270)...
Fetching blocks 22844388 to 22845187 (165/270)...
Fetching blocks 22845188 to 22845987 (166/270)...
Fetching blocks 22845988 to 22846787 (167/270)...
Fetching blocks 22846788 to 22847587 (168/270)...
Fetching blocks 22847588 to 22848387 (169/270)...
Fetching blocks 22848388 to 22849187 (170/270)...
Fetching blocks 22849188 to 22849987 (171/270)...
Fetching blocks 22849988 to 22850787 (172/270)...
Fetching blocks 22850788 to 22851587 (173/270)...
Fetching blocks 22851588 to 22852387 (174/270)...
Fetching blocks 22852388 to 22853187 (175/270)...
Fetching blocks 22853188 to 22853987 (176/270)...
Fetching blocks 22853988 to 22854787 (177/270)...
Fetching blocks 22854788 to 22855587 (178/270)...
Fetching blocks 22855588 to 22856387 (179/270)...
Fetching blocks 22856388 to 22857187 (180/270)...
Fetching blocks 22857188 to 22857987 (181/270)...
Fetching blocks 22857988 to 22858787 (182/270)...
Fetching blocks 22858788 to 22859587 (183/270)...
Fetching blocks 22859588 to 22860387 (184/270)...
Fetching blocks 22860388 to 22861187 (185/270)...
Fetching blocks 22861188 to 22861987 (186/270)...
Fetching blocks 22861988 to 22862787 (187/270)...
Fetching blocks 22862788 to 22863587 (188/270)...
Fetching blocks 22863588 to 22864387 (189/270)...
Fetching blocks 22864388 to 22865187 (190/270)...
Fetching blocks 22865188 to 22865987 (191/270)...
Fetching blocks 22865988 to 22866787 (192/270)...
Fetching blocks 22866788 to 22867587 (193/270)...
Fetching blocks 22867588 to 22868387 (194/270)...
Fetching blocks 22868388 to 22869187 (195/270)...
Fetching blocks 22869188 to 22869987 (196/270)...
Fetching blocks 22869988 to 22870787 (197/270)...
Fetching blocks 22870788 to 22871587 (198/270)...
Fetching blocks 22871588 to 22872387 (199/270)...
Fetching blocks 22872388 to 22873187 (200/270)...
Fetching blocks 22873188 to 22873987 (201/270)...
Fetching blocks 22873988 to 22874787 (202/270)...
Fetching blocks 22874788 to 22875587 (203/270)...
Fetching blocks 22875588 to 22876387 (204/270)...
Fetching blocks 22876388 to 22877187 (205/270)...
Fetching blocks 22877188 to 22877987 (206/270)...
Fetching blocks 22877988 to 22878787 (207/270)...
Fetching blocks 22878788 to 22879587 (208/270)...
Fetching blocks 22879588 to 22880387 (209/270)...
Fetching blocks 22880388 to 22881187 (210/270)...
Fetching blocks 22881188 to 22881987 (211/270)...
Fetching blocks 22881988 to 22882787 (212/270)...
Fetching blocks 22882788 to 22883587 (213/270)...
Fetching blocks 22883588 to 22884387 (214/270)...
Fetching blocks 22884388 to 22885187 (215/270)...
Fetching blocks 22885188 to 22885987 (216/270)...
Fetching blocks 22885988 to 22886787 (217/270)...
Fetching blocks 22886788 to 22887587 (218/270)...
Fetching blocks 22887588 to 22888387 (219/270)...
Fetching blocks 22888388 to 22889187 (220/270)...
Fetching blocks 22889188 to 22889987 (221/270)...
Fetching blocks 22889988 to 22890787 (222/270)...
Fetching blocks 22890788 to 22891587 (223/270)...
Fetching blocks 22891588 to 22892387 (224/270)...
Fetching blocks 22892388 to 22893187 (225/270)...
Fetching blocks 22893188 to 22893987 (226/270)...
Fetching blocks 22893988 to 22894787 (227/270)...
Fetching blocks 22894788 to 22895587 (228/270)...
Fetching blocks 22895588 to 22896387 (229/270)...
Fetching blocks 22896388 to 22897187 (230/270)...
Fetching blocks 22897188 to 22897987 (231/270)...
Fetching blocks 22897988 to 22898787 (232/270)...
Fetching blocks 22898788 to 22899587 (233/270)...
Fetching blocks 22899588 to 22900387 (234/270)...
Fetching blocks 22900388 to 22901187 (235/270)...
Fetching blocks 22901188 to 22901987 (236/270)...
Fetching blocks 22901988 to 22902787 (237/270)...
Fetching blocks 22902788 to 22903587 (238/270)...
Fetching blocks 22903588 to 22904387 (239/270)...
Fetching blocks 22904388 to 22905187 (240/270)...
Fetching blocks 22905188 to 22905987 (241/270)...
Fetching blocks 22905988 to 22906787 (242/270)...
Fetching blocks 22906788 to 22907587 (243/270)...
Fetching blocks 22907588 to 22908387 (244/270)...
Fetching blocks 22908388 to 22909187 (245/270)...
Fetching blocks 22909188 to 22909987 (246/270)...
Fetching blocks 22909988 to 22910787 (247/270)...
Fetching blocks 22910788 to 22911587 (248/270)...
Fetching blocks 22911588 to 22912387 (249/270)...
Fetching blocks 22912388 to 22913187 (250/270)...
Fetching blocks 22913188 to 22913987 (251/270)...
Fetching blocks 22913988 to 22914787 (252/270)...
Fetching blocks 22914788 to 22915587 (253/270)...
Fetching blocks 22915588 to 22916387 (254/270)...
Fetching blocks 22916388 to 22917187 (255/270)...
Fetching blocks 22917188 to 22917987 (256/270)...
Fetching blocks 22917988 to 22918787 (257/270)...
Fetching blocks 22918788 to 22919587 (258/270)...
Fetching blocks 22919588 to 22920387 (259/270)...
Fetching blocks 22920388 to 22921187 (260/270)...
Fetching blocks 22921188 to 22921987 (261/270)...
Fetching blocks 22921988 to 22922787 (262/270)...
Fetching blocks 22922788 to 22923587 (263/270)...
Fetching blocks 22923588 to 22924387 (264/270)...
Fetching blocks 22924388 to 22925187 (265/270)...
Fetching blocks 22925188 to 22925987 (266/270)...
Fetching blocks 22925988 to 22926787 (267/270)...
Fetching blocks 22926788 to 22927587 (268/270)...
Fetching blocks 22927588 to 22928387 (269/270)...
Fetching blocks 22928388 to 22929187 (270/270)...
Fetching blocks 22929188 to 22929188 (271/270)...
📊 Fetching REAL holder data from Moralis API...
📊 Total Supply: 14,186,073.414 TINC
📊 Fetching holders page 1 from Moralis...
📊 Page 1: Found 100 holders, total: 100
📊 Fetching holders page 2 from Moralis...
📊 Page 2: Found 100 holders, total: 200
📊 Fetching holders page 3 from Moralis...
📊 Page 3: Found 100 holders, total: 300
📊 Fetching holders page 4 from Moralis...
📊 Page 4: Found 100 holders, total: 400
📊 Fetching holders page 5 from Moralis...
📊 Page 5: Found 100 holders, total: 500
📊 Fetching holders page 6 from Moralis...
📊 Page 6: Found 100 holders, total: 600
📊 Fetching holders page 7 from Moralis...
📊 Page 7: Found 100 holders, total: 700
📊 Fetching holders page 8 from Moralis...
📊 Page 8: Found 100 holders, total: 800
📊 Fetching holders page 9 from Moralis...
📊 Page 9: Found 100 holders, total: 900
📊 Fetching holders page 10 from Moralis...
📊 Page 10: Found 83 holders, total: 983
📊 Total holders found: 983
📊 Filtered out 1 LP/contract/zero balance addresses
📊 REAL HOLDER COUNTS (Moralis API):
🔱 Poseidon (10%+): 1
🐋 Whale (1%+): 6
🦈 Shark (0.1%+): 35
🐬 Dolphin (0.01%+): 101
🦑 Squid (0.001%+): 199
🍤 Shrimp (<0.001%): 640
✅ Successfully updated burn data!
📊 Total Supply: 14,186,073.414 TINC
🔥 Total Burned: 716,743.591 TINC
⚡ Emission Rate: 1.0000 TINC/sec
📈 Deflationary: Yes
👥 Total Holders: 982
🔱 Poseidon (10%+): 1
🐋 Whale (1%+): 6
📅 Data saved to: /home/wsl/projects/TINC/data/burn-data.json
✅ Data fetch successful, copying to public folder...
✅ Data copied to public folder
📤 Committing and pushing...
[master 62a52e8] Auto-update: 7/15/2025, 8:56:18 PM
 2 files changed, 58 insertions(+), 118 deletions(-)
To https://github.com/MaximCincinnatis/TINC.git
   e6197c8..62a52e8  master -> master
✅ Update complete!
⏰ Next update scheduled for: 7/16/2025, 12:56:20 AM


📊 Starting update: 7/16/2025, 12:57:29 AM
🚀 Starting data fetch...
Fetching TINC burn data...
Using TINC standard emission rate: 1.0 TINC/sec
Fetching burns from block 22714400 to 22930400
Fetching blocks 22714400 to 22715199 (1/270)...
Fetching blocks 22715200 to 22715999 (2/270)...
Fetching blocks 22716000 to 22716799 (3/270)...
Fetching blocks 22716800 to 22717599 (4/270)...
Fetching blocks 22717600 to 22718399 (5/270)...
Fetching blocks 22718400 to 22719199 (6/270)...
Fetching blocks 22719200 to 22719999 (7/270)...
Fetching blocks 22720000 to 22720799 (8/270)...
Fetching blocks 22720800 to 22721599 (9/270)...
Fetching blocks 22721600 to 22722399 (10/270)...
Fetching blocks 22722400 to 22723199 (11/270)...
Fetching blocks 22723200 to 22723999 (12/270)...
Fetching blocks 22724000 to 22724799 (13/270)...
Fetching blocks 22724800 to 22725599 (14/270)...
Fetching blocks 22725600 to 22726399 (15/270)...
Fetching blocks 22726400 to 22727199 (16/270)...
Fetching blocks 22727200 to 22727999 (17/270)...
Fetching blocks 22728000 to 22728799 (18/270)...
Fetching blocks 22728800 to 22729599 (19/270)...
Fetching blocks 22729600 to 22730399 (20/270)...
Fetching blocks 22730400 to 22731199 (21/270)...
Fetching blocks 22731200 to 22731999 (22/270)...
Fetching blocks 22732000 to 22732799 (23/270)...
Fetching blocks 22732800 to 22733599 (24/270)...
Fetching blocks 22733600 to 22734399 (25/270)...
Fetching blocks 22734400 to 22735199 (26/270)...
Fetching blocks 22735200 to 22735999 (27/270)...
Fetching blocks 22736000 to 22736799 (28/270)...
Fetching blocks 22736800 to 22737599 (29/270)...
Fetching blocks 22737600 to 22738399 (30/270)...
Fetching blocks 22738400 to 22739199 (31/270)...
Fetching blocks 22739200 to 22739999 (32/270)...
Fetching blocks 22740000 to 22740799 (33/270)...
Fetching blocks 22740800 to 22741599 (34/270)...
Fetching blocks 22741600 to 22742399 (35/270)...
Fetching blocks 22742400 to 22743199 (36/270)...
Fetching blocks 22743200 to 22743999 (37/270)...
Fetching blocks 22744000 to 22744799 (38/270)...
Fetching blocks 22744800 to 22745599 (39/270)...
Fetching blocks 22745600 to 22746399 (40/270)...
Fetching blocks 22746400 to 22747199 (41/270)...
Fetching blocks 22747200 to 22747999 (42/270)...
Fetching blocks 22748000 to 22748799 (43/270)...
Fetching blocks 22748800 to 22749599 (44/270)...
Fetching blocks 22749600 to 22750399 (45/270)...
Fetching blocks 22750400 to 22751199 (46/270)...
Fetching blocks 22751200 to 22751999 (47/270)...
Fetching blocks 22752000 to 22752799 (48/270)...
Fetching blocks 22752800 to 22753599 (49/270)...
Fetching blocks 22753600 to 22754399 (50/270)...
Fetching blocks 22754400 to 22755199 (51/270)...
Fetching blocks 22755200 to 22755999 (52/270)...
Fetching blocks 22756000 to 22756799 (53/270)...
Fetching blocks 22756800 to 22757599 (54/270)...
Fetching blocks 22757600 to 22758399 (55/270)...
Fetching blocks 22758400 to 22759199 (56/270)...
Fetching blocks 22759200 to 22759999 (57/270)...
Fetching blocks 22760000 to 22760799 (58/270)...
Fetching blocks 22760800 to 22761599 (59/270)...
Fetching blocks 22761600 to 22762399 (60/270)...
Fetching blocks 22762400 to 22763199 (61/270)...
Fetching blocks 22763200 to 22763999 (62/270)...
Fetching blocks 22764000 to 22764799 (63/270)...
Fetching blocks 22764800 to 22765599 (64/270)...
Fetching blocks 22765600 to 22766399 (65/270)...
Fetching blocks 22766400 to 22767199 (66/270)...
Fetching blocks 22767200 to 22767999 (67/270)...
Fetching blocks 22768000 to 22768799 (68/270)...
Fetching blocks 22768800 to 22769599 (69/270)...
Fetching blocks 22769600 to 22770399 (70/270)...
Fetching blocks 22770400 to 22771199 (71/270)...
Fetching blocks 22771200 to 22771999 (72/270)...
Fetching blocks 22772000 to 22772799 (73/270)...
Fetching blocks 22772800 to 22773599 (74/270)...
Fetching blocks 22773600 to 22774399 (75/270)...
Fetching blocks 22774400 to 22775199 (76/270)...
Fetching blocks 22775200 to 22775999 (77/270)...
Fetching blocks 22776000 to 22776799 (78/270)...
Fetching blocks 22776800 to 22777599 (79/270)...
Fetching blocks 22777600 to 22778399 (80/270)...
Fetching blocks 22778400 to 22779199 (81/270)...
Fetching blocks 22779200 to 22779999 (82/270)...
Fetching blocks 22780000 to 22780799 (83/270)...
Fetching blocks 22780800 to 22781599 (84/270)...
Fetching blocks 22781600 to 22782399 (85/270)...
Fetching blocks 22782400 to 22783199 (86/270)...
Fetching blocks 22783200 to 22783999 (87/270)...
Fetching blocks 22784000 to 22784799 (88/270)...
Fetching blocks 22784800 to 22785599 (89/270)...
Fetching blocks 22785600 to 22786399 (90/270)...
Fetching blocks 22786400 to 22787199 (91/270)...
Fetching blocks 22787200 to 22787999 (92/270)...
Fetching blocks 22788000 to 22788799 (93/270)...
Fetching blocks 22788800 to 22789599 (94/270)...
Fetching blocks 22789600 to 22790399 (95/270)...
Fetching blocks 22790400 to 22791199 (96/270)...
Fetching blocks 22791200 to 22791999 (97/270)...
RPC error with https://ethereum.publicnode.com: Unexpected token < in JSON at position 0
Fetching blocks 22792000 to 22792799 (98/270)...
Fetching blocks 22792800 to 22793599 (99/270)...
Fetching blocks 22793600 to 22794399 (100/270)...
Fetching blocks 22794400 to 22795199 (101/270)...
Fetching blocks 22795200 to 22795999 (102/270)...
Fetching blocks 22796000 to 22796799 (103/270)...
Fetching blocks 22796800 to 22797599 (104/270)...
Fetching blocks 22797600 to 22798399 (105/270)...
Fetching blocks 22798400 to 22799199 (106/270)...
Fetching blocks 22799200 to 22799999 (107/270)...
Fetching blocks 22800000 to 22800799 (108/270)...
Fetching blocks 22800800 to 22801599 (109/270)...
Fetching blocks 22801600 to 22802399 (110/270)...
Fetching blocks 22802400 to 22803199 (111/270)...
Fetching blocks 22803200 to 22803999 (112/270)...
Fetching blocks 22804000 to 22804799 (113/270)...
Fetching blocks 22804800 to 22805599 (114/270)...
Fetching blocks 22805600 to 22806399 (115/270)...
Fetching blocks 22806400 to 22807199 (116/270)...
Fetching blocks 22807200 to 22807999 (117/270)...
Fetching blocks 22808000 to 22808799 (118/270)...
Fetching blocks 22808800 to 22809599 (119/270)...
Fetching blocks 22809600 to 22810399 (120/270)...
Fetching blocks 22810400 to 22811199 (121/270)...
Fetching blocks 22811200 to 22811999 (122/270)...
Fetching blocks 22812000 to 22812799 (123/270)...
Fetching blocks 22812800 to 22813599 (124/270)...
Fetching blocks 22813600 to 22814399 (125/270)...
Fetching blocks 22814400 to 22815199 (126/270)...
Fetching blocks 22815200 to 22815999 (127/270)...
Fetching blocks 22816000 to 22816799 (128/270)...
Fetching blocks 22816800 to 22817599 (129/270)...
Fetching blocks 22817600 to 22818399 (130/270)...
Fetching blocks 22818400 to 22819199 (131/270)...
Fetching blocks 22819200 to 22819999 (132/270)...
Fetching blocks 22820000 to 22820799 (133/270)...
Fetching blocks 22820800 to 22821599 (134/270)...
Fetching blocks 22821600 to 22822399 (135/270)...
Fetching blocks 22822400 to 22823199 (136/270)...
Fetching blocks 22823200 to 22823999 (137/270)...
RPC error with https://eth.llamarpc.com: Unexpected token < in JSON at position 0
Fetching blocks 22824000 to 22824799 (138/270)...
Fetching blocks 22824800 to 22825599 (139/270)...
Fetching blocks 22825600 to 22826399 (140/270)...
Fetching blocks 22826400 to 22827199 (141/270)...
Fetching blocks 22827200 to 22827999 (142/270)...
Fetching blocks 22828000 to 22828799 (143/270)...
Fetching blocks 22828800 to 22829599 (144/270)...
Fetching blocks 22829600 to 22830399 (145/270)...
Fetching blocks 22830400 to 22831199 (146/270)...
Fetching blocks 22831200 to 22831999 (147/270)...
Fetching blocks 22832000 to 22832799 (148/270)...
Fetching blocks 22832800 to 22833599 (149/270)...
Fetching blocks 22833600 to 22834399 (150/270)...
Fetching blocks 22834400 to 22835199 (151/270)...
Fetching blocks 22835200 to 22835999 (152/270)...
Fetching blocks 22836000 to 22836799 (153/270)...
Fetching blocks 22836800 to 22837599 (154/270)...
Fetching blocks 22837600 to 22838399 (155/270)...
Fetching blocks 22838400 to 22839199 (156/270)...
Fetching blocks 22839200 to 22839999 (157/270)...
Fetching blocks 22840000 to 22840799 (158/270)...
Fetching blocks 22840800 to 22841599 (159/270)...
Fetching blocks 22841600 to 22842399 (160/270)...
Fetching blocks 22842400 to 22843199 (161/270)...
Fetching blocks 22843200 to 22843999 (162/270)...
Fetching blocks 22844000 to 22844799 (163/270)...
Fetching blocks 22844800 to 22845599 (164/270)...
Fetching blocks 22845600 to 22846399 (165/270)...
Fetching blocks 22846400 to 22847199 (166/270)...
Fetching blocks 22847200 to 22847999 (167/270)...
Fetching blocks 22848000 to 22848799 (168/270)...
Fetching blocks 22848800 to 22849599 (169/270)...
Fetching blocks 22849600 to 22850399 (170/270)...
Fetching blocks 22850400 to 22851199 (171/270)...
Fetching blocks 22851200 to 22851999 (172/270)...
Fetching blocks 22852000 to 22852799 (173/270)...
Fetching blocks 22852800 to 22853599 (174/270)...
Fetching blocks 22853600 to 22854399 (175/270)...
Fetching blocks 22854400 to 22855199 (176/270)...
Fetching blocks 22855200 to 22855999 (177/270)...
Fetching blocks 22856000 to 22856799 (178/270)...
Fetching blocks 22856800 to 22857599 (179/270)...
Fetching blocks 22857600 to 22858399 (180/270)...
Fetching blocks 22858400 to 22859199 (181/270)...
Fetching blocks 22859200 to 22859999 (182/270)...
Fetching blocks 22860000 to 22860799 (183/270)...
Fetching blocks 22860800 to 22861599 (184/270)...
Fetching blocks 22861600 to 22862399 (185/270)...
Fetching blocks 22862400 to 22863199 (186/270)...
Fetching blocks 22863200 to 22863999 (187/270)...
Fetching blocks 22864000 to 22864799 (188/270)...
Fetching blocks 22864800 to 22865599 (189/270)...
Fetching blocks 22865600 to 22866399 (190/270)...
Fetching blocks 22866400 to 22867199 (191/270)...
Fetching blocks 22867200 to 22867999 (192/270)...
Fetching blocks 22868000 to 22868799 (193/270)...
Fetching blocks 22868800 to 22869599 (194/270)...
Fetching blocks 22869600 to 22870399 (195/270)...
Fetching blocks 22870400 to 22871199 (196/270)...
Fetching blocks 22871200 to 22871999 (197/270)...
Fetching blocks 22872000 to 22872799 (198/270)...
Fetching blocks 22872800 to 22873599 (199/270)...
Fetching blocks 22873600 to 22874399 (200/270)...
RPC error with https://1rpc.io/eth: header not found
RPC error with https://eth-mainnet.public.blastapi.io: Method not found
Fetching blocks 22874400 to 22875199 (201/270)...
Fetching blocks 22875200 to 22875999 (202/270)...
Fetching blocks 22876000 to 22876799 (203/270)...
Fetching blocks 22876800 to 22877599 (204/270)...
Fetching blocks 22877600 to 22878399 (205/270)...
Fetching blocks 22878400 to 22879199 (206/270)...
Fetching blocks 22879200 to 22879999 (207/270)...
Fetching blocks 22880000 to 22880799 (208/270)...
Fetching blocks 22880800 to 22881599 (209/270)...
Fetching blocks 22881600 to 22882399 (210/270)...
Fetching blocks 22882400 to 22883199 (211/270)...
Fetching blocks 22883200 to 22883999 (212/270)...
Fetching blocks 22884000 to 22884799 (213/270)...
Fetching blocks 22884800 to 22885599 (214/270)...
Fetching blocks 22885600 to 22886399 (215/270)...
Fetching blocks 22886400 to 22887199 (216/270)...
Fetching blocks 22887200 to 22887999 (217/270)...
Fetching blocks 22888000 to 22888799 (218/270)...
Fetching blocks 22888800 to 22889599 (219/270)...
Fetching blocks 22889600 to 22890399 (220/270)...
Fetching blocks 22890400 to 22891199 (221/270)...
Fetching blocks 22891200 to 22891999 (222/270)...
Fetching blocks 22892000 to 22892799 (223/270)...
Fetching blocks 22892800 to 22893599 (224/270)...
Fetching blocks 22893600 to 22894399 (225/270)...
Fetching blocks 22894400 to 22895199 (226/270)...
Fetching blocks 22895200 to 22895999 (227/270)...
Fetching blocks 22896000 to 22896799 (228/270)...
Fetching blocks 22896800 to 22897599 (229/270)...
Fetching blocks 22897600 to 22898399 (230/270)...
Fetching blocks 22898400 to 22899199 (231/270)...
Fetching blocks 22899200 to 22899999 (232/270)...
Fetching blocks 22900000 to 22900799 (233/270)...
Fetching blocks 22900800 to 22901599 (234/270)...
Fetching blocks 22901600 to 22902399 (235/270)...
Fetching blocks 22902400 to 22903199 (236/270)...
Fetching blocks 22903200 to 22903999 (237/270)...
Fetching blocks 22904000 to 22904799 (238/270)...
Fetching blocks 22904800 to 22905599 (239/270)...
Fetching blocks 22905600 to 22906399 (240/270)...
Fetching blocks 22906400 to 22907199 (241/270)...
Fetching blocks 22907200 to 22907999 (242/270)...
Fetching blocks 22908000 to 22908799 (243/270)...
Fetching blocks 22908800 to 22909599 (244/270)...
Fetching blocks 22909600 to 22910399 (245/270)...
Fetching blocks 22910400 to 22911199 (246/270)...
Fetching blocks 22911200 to 22911999 (247/270)...
Fetching blocks 22912000 to 22912799 (248/270)...
Fetching blocks 22912800 to 22913599 (249/270)...
Fetching blocks 22913600 to 22914399 (250/270)...
Fetching blocks 22914400 to 22915199 (251/270)...
Fetching blocks 22915200 to 22915999 (252/270)...
Fetching blocks 22916000 to 22916799 (253/270)...
Fetching blocks 22916800 to 22917599 (254/270)...
Fetching blocks 22917600 to 22918399 (255/270)...
Fetching blocks 22918400 to 22919199 (256/270)...
Fetching blocks 22919200 to 22919999 (257/270)...
Fetching blocks 22920000 to 22920799 (258/270)...
Fetching blocks 22920800 to 22921599 (259/270)...
Fetching blocks 22921600 to 22922399 (260/270)...
Fetching blocks 22922400 to 22923199 (261/270)...
Fetching blocks 22923200 to 22923999 (262/270)...
Fetching blocks 22924000 to 22924799 (263/270)...
Fetching blocks 22924800 to 22925599 (264/270)...
Fetching blocks 22925600 to 22926399 (265/270)...
Fetching blocks 22926400 to 22927199 (266/270)...
Fetching blocks 22927200 to 22927999 (267/270)...
Fetching blocks 22928000 to 22928799 (268/270)...
Fetching blocks 22928800 to 22929599 (269/270)...
Fetching blocks 22929600 to 22930399 (270/270)...
Fetching blocks 22930400 to 22930400 (271/270)...
📊 Fetching REAL holder data from Moralis API...
📊 Total Supply: 14,220,663.429 TINC
📊 Fetching holders page 1 from Moralis...
📊 Page 1: Found 100 holders, total: 100
📊 Fetching holders page 2 from Moralis...
📊 Page 2: Found 100 holders, total: 200
📊 Fetching holders page 3 from Moralis...
📊 Page 3: Found 100 holders, total: 300
📊 Fetching holders page 4 from Moralis...
📊 Page 4: Found 100 holders, total: 400
📊 Fetching holders page 5 from Moralis...
📊 Page 5: Found 100 holders, total: 500
📊 Fetching holders page 6 from Moralis...
📊 Page 6: Found 100 holders, total: 600
📊 Fetching holders page 7 from Moralis...
📊 Page 7: Found 100 holders, total: 700
📊 Fetching holders page 8 from Moralis...
📊 Page 8: Found 100 holders, total: 800
📊 Fetching holders page 9 from Moralis...
📊 Page 9: Found 100 holders, total: 900
📊 Fetching holders page 10 from Moralis...
📊 Page 10: Found 84 holders, total: 984
📊 Total holders found: 984
📊 Filtered out 1 LP/contract/zero balance addresses
📊 REAL HOLDER COUNTS (Moralis API):
🔱 Poseidon (10%+): 1
🐋 Whale (1%+): 6
🦈 Shark (0.1%+): 36
🐬 Dolphin (0.01%+): 101
🦑 Squid (0.001%+): 198
🍤 Shrimp (<0.001%): 641
✅ Successfully updated burn data!
📊 Total Supply: 14,220,663.429 TINC
🔥 Total Burned: 757,757.464 TINC
⚡ Emission Rate: 1.0000 TINC/sec
📈 Deflationary: Yes
👥 Total Holders: 983
🔱 Poseidon (10%+): 1
🐋 Whale (1%+): 6
📅 Data saved to: /home/wsl/projects/TINC/data/burn-data.json
✅ Data fetch successful, copying to public folder...
✅ Data copied to public folder
📤 Committing and pushing...
[master eef92ae] Auto-update: 7/16/2025, 12:59:45 AM
 2 files changed, 94 insertions(+), 24 deletions(-)
To https://github.com/MaximCincinnatis/TINC.git
   62a52e8..eef92ae  master -> master
✅ Update complete!
⏰ Next update scheduled for: 7/16/2025, 4:59:48 AM


🚀 TINC Auto-Update Service Started
==================================
Update Frequency: Every 30 minutes
Next Update: 7/16/2025, 1:21:40 PM

Press Ctrl+C to stop


📊 Starting update: 7/16/2025, 12:51:40 PM
🚀 Starting data fetch...
Fetching TINC burn data...
Using TINC standard emission rate: 1.0 TINC/sec
Fetching burns from block 22717958 to 22933958
Fetching blocks 22717958 to 22718757 (1/270)...
Fetching blocks 22718758 to 22719557 (2/270)...
Fetching blocks 22719558 to 22720357 (3/270)...
Fetching blocks 22720358 to 22721157 (4/270)...
Fetching blocks 22721158 to 22721957 (5/270)...
Fetching blocks 22721958 to 22722757 (6/270)...
Fetching blocks 22722758 to 22723557 (7/270)...
Fetching blocks 22723558 to 22724357 (8/270)...
Fetching blocks 22724358 to 22725157 (9/270)...
Fetching blocks 22725158 to 22725957 (10/270)...
Fetching blocks 22725958 to 22726757 (11/270)...
Fetching blocks 22726758 to 22727557 (12/270)...
Fetching blocks 22727558 to 22728357 (13/270)...
Fetching blocks 22728358 to 22729157 (14/270)...
Fetching blocks 22729158 to 22729957 (15/270)...
Fetching blocks 22729958 to 22730757 (16/270)...
Fetching blocks 22730758 to 22731557 (17/270)...
Fetching blocks 22731558 to 22732357 (18/270)...
Fetching blocks 22732358 to 22733157 (19/270)...
Fetching blocks 22733158 to 22733957 (20/270)...
Fetching blocks 22733958 to 22734757 (21/270)...
Fetching blocks 22734758 to 22735557 (22/270)...
Fetching blocks 22735558 to 22736357 (23/270)...
Fetching blocks 22736358 to 22737157 (24/270)...
Fetching blocks 22737158 to 22737957 (25/270)...
Fetching blocks 22737958 to 22738757 (26/270)...
Fetching blocks 22738758 to 22739557 (27/270)...
Fetching blocks 22739558 to 22740357 (28/270)...
Fetching blocks 22740358 to 22741157 (29/270)...
Fetching blocks 22741158 to 22741957 (30/270)...
Fetching blocks 22741958 to 22742757 (31/270)...
Fetching blocks 22742758 to 22743557 (32/270)...
Fetching blocks 22743558 to 22744357 (33/270)...
Fetching blocks 22744358 to 22745157 (34/270)...
Fetching blocks 22745158 to 22745957 (35/270)...
Fetching blocks 22745958 to 22746757 (36/270)...
Fetching blocks 22746758 to 22747557 (37/270)...
Fetching blocks 22747558 to 22748357 (38/270)...
Fetching blocks 22748358 to 22749157 (39/270)...
Fetching blocks 22749158 to 22749957 (40/270)...
Fetching blocks 22749958 to 22750757 (41/270)...
Fetching blocks 22750758 to 22751557 (42/270)...
Fetching blocks 22751558 to 22752357 (43/270)...
Fetching blocks 22752358 to 22753157 (44/270)...
Fetching blocks 22753158 to 22753957 (45/270)...
Fetching blocks 22753958 to 22754757 (46/270)...
Fetching blocks 22754758 to 22755557 (47/270)...
Fetching blocks 22755558 to 22756357 (48/270)...
Fetching blocks 22756358 to 22757157 (49/270)...
Fetching blocks 22757158 to 22757957 (50/270)...
Fetching blocks 22757958 to 22758757 (51/270)...
Fetching blocks 22758758 to 22759557 (52/270)...
Fetching blocks 22759558 to 22760357 (53/270)...
Fetching blocks 22760358 to 22761157 (54/270)...
Fetching blocks 22761158 to 22761957 (55/270)...
Fetching blocks 22761958 to 22762757 (56/270)...
Fetching blocks 22762758 to 22763557 (57/270)...
Fetching blocks 22763558 to 22764357 (58/270)...
Fetching blocks 22764358 to 22765157 (59/270)...
Fetching blocks 22765158 to 22765957 (60/270)...
Fetching blocks 22765958 to 22766757 (61/270)...
Fetching blocks 22766758 to 22767557 (62/270)...
Fetching blocks 22767558 to 22768357 (63/270)...
Fetching blocks 22768358 to 22769157 (64/270)...
Fetching blocks 22769158 to 22769957 (65/270)...
Fetching blocks 22769958 to 22770757 (66/270)...
Fetching blocks 22770758 to 22771557 (67/270)...
Fetching blocks 22771558 to 22772357 (68/270)...
Fetching blocks 22772358 to 22773157 (69/270)...
Fetching blocks 22773158 to 22773957 (70/270)...
Fetching blocks 22773958 to 22774757 (71/270)...
Fetching blocks 22774758 to 22775557 (72/270)...
Fetching blocks 22775558 to 22776357 (73/270)...
Fetching blocks 22776358 to 22777157 (74/270)...
Fetching blocks 22777158 to 22777957 (75/270)...
Fetching blocks 22777958 to 22778757 (76/270)...
Fetching blocks 22778758 to 22779557 (77/270)...
Fetching blocks 22779558 to 22780357 (78/270)...
Fetching blocks 22780358 to 22781157 (79/270)...
Fetching blocks 22781158 to 22781957 (80/270)...
Fetching blocks 22781958 to 22782757 (81/270)...
Fetching blocks 22782758 to 22783557 (82/270)...
Fetching blocks 22783558 to 22784357 (83/270)...
Fetching blocks 22784358 to 22785157 (84/270)...
Fetching blocks 22785158 to 22785957 (85/270)...
Fetching blocks 22785958 to 22786757 (86/270)...
Fetching blocks 22786758 to 22787557 (87/270)...
Fetching blocks 22787558 to 22788357 (88/270)...
Fetching blocks 22788358 to 22789157 (89/270)...
Fetching blocks 22789158 to 22789957 (90/270)...
Fetching blocks 22789958 to 22790757 (91/270)...
Fetching blocks 22790758 to 22791557 (92/270)...
Fetching blocks 22791558 to 22792357 (93/270)...
Fetching blocks 22792358 to 22793157 (94/270)...
Fetching blocks 22793158 to 22793957 (95/270)...
Fetching blocks 22793958 to 22794757 (96/270)...
Fetching blocks 22794758 to 22795557 (97/270)...
Fetching blocks 22795558 to 22796357 (98/270)...
Fetching blocks 22796358 to 22797157 (99/270)...
Fetching blocks 22797158 to 22797957 (100/270)...
Fetching blocks 22797958 to 22798757 (101/270)...
Fetching blocks 22798758 to 22799557 (102/270)...
Fetching blocks 22799558 to 22800357 (103/270)...
Fetching blocks 22800358 to 22801157 (104/270)...
Fetching blocks 22801158 to 22801957 (105/270)...
Fetching blocks 22801958 to 22802757 (106/270)...
Fetching blocks 22802758 to 22803557 (107/270)...
Fetching blocks 22803558 to 22804357 (108/270)...
Fetching blocks 22804358 to 22805157 (109/270)...
Fetching blocks 22805158 to 22805957 (110/270)...
Fetching blocks 22805958 to 22806757 (111/270)...
Fetching blocks 22806758 to 22807557 (112/270)...
Fetching blocks 22807558 to 22808357 (113/270)...
Fetching blocks 22808358 to 22809157 (114/270)...
Fetching blocks 22809158 to 22809957 (115/270)...
Fetching blocks 22809958 to 22810757 (116/270)...
Fetching blocks 22810758 to 22811557 (117/270)...
Fetching blocks 22811558 to 22812357 (118/270)...
Fetching blocks 22812358 to 22813157 (119/270)...
Fetching blocks 22813158 to 22813957 (120/270)...
Fetching blocks 22813958 to 22814757 (121/270)...
Fetching blocks 22814758 to 22815557 (122/270)...
Fetching blocks 22815558 to 22816357 (123/270)...
Fetching blocks 22816358 to 22817157 (124/270)...
Fetching blocks 22817158 to 22817957 (125/270)...
Fetching blocks 22817958 to 22818757 (126/270)...
Fetching blocks 22818758 to 22819557 (127/270)...
Fetching blocks 22819558 to 22820357 (128/270)...
Fetching blocks 22820358 to 22821157 (129/270)...
Fetching blocks 22821158 to 22821957 (130/270)...
Fetching blocks 22821958 to 22822757 (131/270)...
Fetching blocks 22822758 to 22823557 (132/270)...
Fetching blocks 22823558 to 22824357 (133/270)...
Fetching blocks 22824358 to 22825157 (134/270)...
Fetching blocks 22825158 to 22825957 (135/270)...
Fetching blocks 22825958 to 22826757 (136/270)...
Fetching blocks 22826758 to 22827557 (137/270)...
Fetching blocks 22827558 to 22828357 (138/270)...
Fetching blocks 22828358 to 22829157 (139/270)...
Fetching blocks 22829158 to 22829957 (140/270)...
Fetching blocks 22829958 to 22830757 (141/270)...
Fetching blocks 22830758 to 22831557 (142/270)...
Fetching blocks 22831558 to 22832357 (143/270)...
Fetching blocks 22832358 to 22833157 (144/270)...
Fetching blocks 22833158 to 22833957 (145/270)...
Fetching blocks 22833958 to 22834757 (146/270)...
Fetching blocks 22834758 to 22835557 (147/270)...
Fetching blocks 22835558 to 22836357 (148/270)...
Fetching blocks 22836358 to 22837157 (149/270)...
Fetching blocks 22837158 to 22837957 (150/270)...
Fetching blocks 22837958 to 22838757 (151/270)...
Fetching blocks 22838758 to 22839557 (152/270)...
Fetching blocks 22839558 to 22840357 (153/270)...
Fetching blocks 22840358 to 22841157 (154/270)...
Fetching blocks 22841158 to 22841957 (155/270)...
Fetching blocks 22841958 to 22842757 (156/270)...
Fetching blocks 22842758 to 22843557 (157/270)...
Fetching blocks 22843558 to 22844357 (158/270)...
Fetching blocks 22844358 to 22845157 (159/270)...
Fetching blocks 22845158 to 22845957 (160/270)...
Fetching blocks 22845958 to 22846757 (161/270)...
Fetching blocks 22846758 to 22847557 (162/270)...
Fetching blocks 22847558 to 22848357 (163/270)...
Fetching blocks 22848358 to 22849157 (164/270)...
Fetching blocks 22849158 to 22849957 (165/270)...
Fetching blocks 22849958 to 22850757 (166/270)...
Fetching blocks 22850758 to 22851557 (167/270)...
Fetching blocks 22851558 to 22852357 (168/270)...
Fetching blocks 22852358 to 22853157 (169/270)...
Fetching blocks 22853158 to 22853957 (170/270)...
Fetching blocks 22853958 to 22854757 (171/270)...
Fetching blocks 22854758 to 22855557 (172/270)...
Fetching blocks 22855558 to 22856357 (173/270)...
Fetching blocks 22856358 to 22857157 (174/270)...
Fetching blocks 22857158 to 22857957 (175/270)...
Fetching blocks 22857958 to 22858757 (176/270)...
Fetching blocks 22858758 to 22859557 (177/270)...
Fetching blocks 22859558 to 22860357 (178/270)...
Fetching blocks 22860358 to 22861157 (179/270)...
Fetching blocks 22861158 to 22861957 (180/270)...
Fetching blocks 22861958 to 22862757 (181/270)...
Fetching blocks 22862758 to 22863557 (182/270)...
Fetching blocks 22863558 to 22864357 (183/270)...
Fetching blocks 22864358 to 22865157 (184/270)...
Fetching blocks 22865158 to 22865957 (185/270)...
Fetching blocks 22865958 to 22866757 (186/270)...
Fetching blocks 22866758 to 22867557 (187/270)...
Fetching blocks 22867558 to 22868357 (188/270)...
Fetching blocks 22868358 to 22869157 (189/270)...
Fetching blocks 22869158 to 22869957 (190/270)...
Fetching blocks 22869958 to 22870757 (191/270)...
Fetching blocks 22870758 to 22871557 (192/270)...
Fetching blocks 22871558 to 22872357 (193/270)...
Fetching blocks 22872358 to 22873157 (194/270)...
Fetching blocks 22873158 to 22873957 (195/270)...
Fetching blocks 22873958 to 22874757 (196/270)...
Fetching blocks 22874758 to 22875557 (197/270)...
Fetching blocks 22875558 to 22876357 (198/270)...
Fetching blocks 22876358 to 22877157 (199/270)...
Fetching blocks 22877158 to 22877957 (200/270)...
Fetching blocks 22877958 to 22878757 (201/270)...
Fetching blocks 22878758 to 22879557 (202/270)...
Fetching blocks 22879558 to 22880357 (203/270)...
Fetching blocks 22880358 to 22881157 (204/270)...
Fetching blocks 22881158 to 22881957 (205/270)...
Fetching blocks 22881958 to 22882757 (206/270)...
Fetching blocks 22882758 to 22883557 (207/270)...
Fetching blocks 22883558 to 22884357 (208/270)...
Fetching blocks 22884358 to 22885157 (209/270)...
Fetching blocks 22885158 to 22885957 (210/270)...
Fetching blocks 22885958 to 22886757 (211/270)...
Fetching blocks 22886758 to 22887557 (212/270)...
Fetching blocks 22887558 to 22888357 (213/270)...
Fetching blocks 22888358 to 22889157 (214/270)...
Fetching blocks 22889158 to 22889957 (215/270)...
Fetching blocks 22889958 to 22890757 (216/270)...
Fetching blocks 22890758 to 22891557 (217/270)...
Fetching blocks 22891558 to 22892357 (218/270)...
Fetching blocks 22892358 to 22893157 (219/270)...
Fetching blocks 22893158 to 22893957 (220/270)...
Fetching blocks 22893958 to 22894757 (221/270)...
Fetching blocks 22894758 to 22895557 (222/270)...
Fetching blocks 22895558 to 22896357 (223/270)...
Fetching blocks 22896358 to 22897157 (224/270)...
Fetching blocks 22897158 to 22897957 (225/270)...
Fetching blocks 22897958 to 22898757 (226/270)...
Fetching blocks 22898758 to 22899557 (227/270)...
Fetching blocks 22899558 to 22900357 (228/270)...
Fetching blocks 22900358 to 22901157 (229/270)...
Fetching blocks 22901158 to 22901957 (230/270)...
Fetching blocks 22901958 to 22902757 (231/270)...
Fetching blocks 22902758 to 22903557 (232/270)...
Fetching blocks 22903558 to 22904357 (233/270)...
Fetching blocks 22904358 to 22905157 (234/270)...
Fetching blocks 22905158 to 22905957 (235/270)...
Fetching blocks 22905958 to 22906757 (236/270)...
Fetching blocks 22906758 to 22907557 (237/270)...
Fetching blocks 22907558 to 22908357 (238/270)...
Fetching blocks 22908358 to 22909157 (239/270)...
Fetching blocks 22909158 to 22909957 (240/270)...
Fetching blocks 22909958 to 22910757 (241/270)...
Fetching blocks 22910758 to 22911557 (242/270)...
Fetching blocks 22911558 to 22912357 (243/270)...
Fetching blocks 22912358 to 22913157 (244/270)...
Fetching blocks 22913158 to 22913957 (245/270)...
Fetching blocks 22913958 to 22914757 (246/270)...
Fetching blocks 22914758 to 22915557 (247/270)...
Fetching blocks 22915558 to 22916357 (248/270)...
Fetching blocks 22916358 to 22917157 (249/270)...
Fetching blocks 22917158 to 22917957 (250/270)...
Fetching blocks 22917958 to 22918757 (251/270)...
Fetching blocks 22918758 to 22919557 (252/270)...
Fetching blocks 22919558 to 22920357 (253/270)...
Fetching blocks 22920358 to 22921157 (254/270)...
Fetching blocks 22921158 to 22921957 (255/270)...
Fetching blocks 22921958 to 22922757 (256/270)...
Fetching blocks 22922758 to 22923557 (257/270)...
Fetching blocks 22923558 to 22924357 (258/270)...
Fetching blocks 22924358 to 22925157 (259/270)...
Fetching blocks 22925158 to 22925957 (260/270)...
Fetching blocks 22925958 to 22926757 (261/270)...
Fetching blocks 22926758 to 22927557 (262/270)...
Fetching blocks 22927558 to 22928357 (263/270)...
Fetching blocks 22928358 to 22929157 (264/270)...
Fetching blocks 22929158 to 22929957 (265/270)...
Fetching blocks 22929958 to 22930757 (266/270)...
Fetching blocks 22930758 to 22931557 (267/270)...
Fetching blocks 22931558 to 22932357 (268/270)...
Fetching blocks 22932358 to 22933157 (269/270)...
Fetching blocks 22933158 to 22933957 (270/270)...
Fetching blocks 22933958 to 22933958 (271/270)...
📊 Fetching REAL holder data from Moralis API...
📊 Total Supply: 14,216,697.812 TINC
📊 Fetching holders page 1 from Moralis...
📊 Page 1: Found 100 holders, total: 100
📊 Fetching holders page 2 from Moralis...
📊 Page 2: Found 100 holders, total: 200
📊 Fetching holders page 3 from Moralis...
📊 Page 3: Found 100 holders, total: 300
📊 Fetching holders page 4 from Moralis...
📊 Page 4: Found 100 holders, total: 400
📊 Fetching holders page 5 from Moralis...
📊 Page 5: Found 100 holders, total: 500
📊 Fetching holders page 6 from Moralis...
📊 Page 6: Found 100 holders, total: 600
📊 Fetching holders page 7 from Moralis...
📊 Page 7: Found 100 holders, total: 700
📊 Fetching holders page 8 from Moralis...
📊 Page 8: Found 100 holders, total: 800
📊 Fetching holders page 9 from Moralis...
📊 Page 9: Found 100 holders, total: 900
📊 Fetching holders page 10 from Moralis...
📊 Page 10: Found 83 holders, total: 983
📊 Total holders found: 983
📊 Filtered out 1 LP/contract/zero balance addresses
📊 Top 10 holders own: 38.30% of total supply
📊 REAL HOLDER COUNTS (Moralis API):
🔱 Poseidon (10%+): 1
🐋 Whale (1%+): 6
🦈 Shark (0.1%+): 36
🐬 Dolphin (0.01%+): 99
🦑 Squid (0.001%+): 199
🍤 Shrimp (<0.001%): 641
✅ Successfully updated burn data!
📊 Total Supply: 14,216,697.812 TINC
🔥 Total Burned: 793,951.965 TINC
⚡ Emission Rate: 1.0000 TINC/sec
📈 Deflationary: Yes
👥 Total Holders: 982
🔱 Poseidon (10%+): 1
🐋 Whale (1%+): 6
📅 Data saved to: /home/wsl/projects/TINC/data/burn-data.json
✅ Data fetch successful, copying to public folder...
✅ Data copied to public folder
📤 Committing and pushing...
[master f35a9fc] Auto-update: 7/16/2025, 12:53:47 PM
 2 files changed, 28 insertions(+), 38 deletions(-)
To https://github.com/MaximCincinnatis/TINC.git
   0c69ed1..f35a9fc  master -> master
✅ Update complete!
⏰ Next update scheduled for: 7/16/2025, 1:23:48 PM


📊 Starting update: 7/16/2025, 1:24:02 PM
🚀 Starting data fetch...
Fetching TINC burn data...
Using TINC standard emission rate: 1.0 TINC/sec
Fetching burns from block 22718120 to 22934119
Fetching blocks 22718120 to 22718919 (1/270)...
Fetching blocks 22718920 to 22719719 (2/270)...
Fetching blocks 22719720 to 22720519 (3/270)...
Fetching blocks 22720520 to 22721319 (4/270)...
Fetching blocks 22721320 to 22722119 (5/270)...
Fetching blocks 22722120 to 22722919 (6/270)...
Fetching blocks 22722920 to 22723719 (7/270)...
Fetching blocks 22723720 to 22724519 (8/270)...
Fetching blocks 22724520 to 22725319 (9/270)...
Fetching blocks 22725320 to 22726119 (10/270)...
Fetching blocks 22726120 to 22726919 (11/270)...
Fetching blocks 22726920 to 22727719 (12/270)...
Fetching blocks 22727720 to 22728519 (13/270)...
Fetching blocks 22728520 to 22729319 (14/270)...
Fetching blocks 22729320 to 22730119 (15/270)...
Fetching blocks 22730120 to 22730919 (16/270)...
Fetching blocks 22730920 to 22731719 (17/270)...
Fetching blocks 22731720 to 22732519 (18/270)...
Fetching blocks 22732520 to 22733319 (19/270)...
Fetching blocks 22733320 to 22734119 (20/270)...
Fetching blocks 22734120 to 22734919 (21/270)...
Fetching blocks 22734920 to 22735719 (22/270)...
Fetching blocks 22735720 to 22736519 (23/270)...
Fetching blocks 22736520 to 22737319 (24/270)...
Fetching blocks 22737320 to 22738119 (25/270)...
Fetching blocks 22738120 to 22738919 (26/270)...
Fetching blocks 22738920 to 22739719 (27/270)...
Fetching blocks 22739720 to 22740519 (28/270)...
Fetching blocks 22740520 to 22741319 (29/270)...
Fetching blocks 22741320 to 22742119 (30/270)...
Fetching blocks 22742120 to 22742919 (31/270)...
Fetching blocks 22742920 to 22743719 (32/270)...
Fetching blocks 22743720 to 22744519 (33/270)...
Fetching blocks 22744520 to 22745319 (34/270)...
Fetching blocks 22745320 to 22746119 (35/270)...
Fetching blocks 22746120 to 22746919 (36/270)...
Fetching blocks 22746920 to 22747719 (37/270)...
Fetching blocks 22747720 to 22748519 (38/270)...
Fetching blocks 22748520 to 22749319 (39/270)...
Fetching blocks 22749320 to 22750119 (40/270)...
Fetching blocks 22750120 to 22750919 (41/270)...
Fetching blocks 22750920 to 22751719 (42/270)...
Fetching blocks 22751720 to 22752519 (43/270)...
Fetching blocks 22752520 to 22753319 (44/270)...
Fetching blocks 22753320 to 22754119 (45/270)...
Fetching blocks 22754120 to 22754919 (46/270)...
Fetching blocks 22754920 to 22755719 (47/270)...
Fetching blocks 22755720 to 22756519 (48/270)...
Fetching blocks 22756520 to 22757319 (49/270)...
Fetching blocks 22757320 to 22758119 (50/270)...
Fetching blocks 22758120 to 22758919 (51/270)...
Fetching blocks 22758920 to 22759719 (52/270)...
Fetching blocks 22759720 to 22760519 (53/270)...
Fetching blocks 22760520 to 22761319 (54/270)...
Fetching blocks 22761320 to 22762119 (55/270)...
Fetching blocks 22762120 to 22762919 (56/270)...
Fetching blocks 22762920 to 22763719 (57/270)...
Fetching blocks 22763720 to 22764519 (58/270)...
Fetching blocks 22764520 to 22765319 (59/270)...
Fetching blocks 22765320 to 22766119 (60/270)...
Fetching blocks 22766120 to 22766919 (61/270)...
Fetching blocks 22766920 to 22767719 (62/270)...
Fetching blocks 22767720 to 22768519 (63/270)...
Fetching blocks 22768520 to 22769319 (64/270)...
Fetching blocks 22769320 to 22770119 (65/270)...
Fetching blocks 22770120 to 22770919 (66/270)...
Fetching blocks 22770920 to 22771719 (67/270)...
Fetching blocks 22771720 to 22772519 (68/270)...
Fetching blocks 22772520 to 22773319 (69/270)...
Fetching blocks 22773320 to 22774119 (70/270)...
Fetching blocks 22774120 to 22774919 (71/270)...
Fetching blocks 22774920 to 22775719 (72/270)...
Fetching blocks 22775720 to 22776519 (73/270)...
Fetching blocks 22776520 to 22777319 (74/270)...
Fetching blocks 22777320 to 22778119 (75/270)...
Fetching blocks 22778120 to 22778919 (76/270)...
Fetching blocks 22778920 to 22779719 (77/270)...
Fetching blocks 22779720 to 22780519 (78/270)...
Fetching blocks 22780520 to 22781319 (79/270)...
Fetching blocks 22781320 to 22782119 (80/270)...
Fetching blocks 22782120 to 22782919 (81/270)...
Fetching blocks 22782920 to 22783719 (82/270)...
Fetching blocks 22783720 to 22784519 (83/270)...
Fetching blocks 22784520 to 22785319 (84/270)...
Fetching blocks 22785320 to 22786119 (85/270)...
Fetching blocks 22786120 to 22786919 (86/270)...
Fetching blocks 22786920 to 22787719 (87/270)...
Fetching blocks 22787720 to 22788519 (88/270)...
Fetching blocks 22788520 to 22789319 (89/270)...
Fetching blocks 22789320 to 22790119 (90/270)...
Fetching blocks 22790120 to 22790919 (91/270)...
Fetching blocks 22790920 to 22791719 (92/270)...
Fetching blocks 22791720 to 22792519 (93/270)...
Fetching blocks 22792520 to 22793319 (94/270)...
Fetching blocks 22793320 to 22794119 (95/270)...
Fetching blocks 22794120 to 22794919 (96/270)...
Fetching blocks 22794920 to 22795719 (97/270)...
Fetching blocks 22795720 to 22796519 (98/270)...
Fetching blocks 22796520 to 22797319 (99/270)...
Fetching blocks 22797320 to 22798119 (100/270)...
Fetching blocks 22798120 to 22798919 (101/270)...
Fetching blocks 22798920 to 22799719 (102/270)...
Fetching blocks 22799720 to 22800519 (103/270)...
Fetching blocks 22800520 to 22801319 (104/270)...
Fetching blocks 22801320 to 22802119 (105/270)...
Fetching blocks 22802120 to 22802919 (106/270)...
Fetching blocks 22802920 to 22803719 (107/270)...
Fetching blocks 22803720 to 22804519 (108/270)...
Fetching blocks 22804520 to 22805319 (109/270)...
Fetching blocks 22805320 to 22806119 (110/270)...
Fetching blocks 22806120 to 22806919 (111/270)...
Fetching blocks 22806920 to 22807719 (112/270)...
Fetching blocks 22807720 to 22808519 (113/270)...
Fetching blocks 22808520 to 22809319 (114/270)...
Fetching blocks 22809320 to 22810119 (115/270)...
Fetching blocks 22810120 to 22810919 (116/270)...
Fetching blocks 22810920 to 22811719 (117/270)...
Fetching blocks 22811720 to 22812519 (118/270)...
Fetching blocks 22812520 to 22813319 (119/270)...
Fetching blocks 22813320 to 22814119 (120/270)...
Fetching blocks 22814120 to 22814919 (121/270)...
Fetching blocks 22814920 to 22815719 (122/270)...
Fetching blocks 22815720 to 22816519 (123/270)...
Fetching blocks 22816520 to 22817319 (124/270)...
Fetching blocks 22817320 to 22818119 (125/270)...
Fetching blocks 22818120 to 22818919 (126/270)...
Fetching blocks 22818920 to 22819719 (127/270)...
Fetching blocks 22819720 to 22820519 (128/270)...
Fetching blocks 22820520 to 22821319 (129/270)...
Fetching blocks 22821320 to 22822119 (130/270)...
Fetching blocks 22822120 to 22822919 (131/270)...
Fetching blocks 22822920 to 22823719 (132/270)...
Fetching blocks 22823720 to 22824519 (133/270)...
Fetching blocks 22824520 to 22825319 (134/270)...
Fetching blocks 22825320 to 22826119 (135/270)...
Fetching blocks 22826120 to 22826919 (136/270)...
Fetching blocks 22826920 to 22827719 (137/270)...
Fetching blocks 22827720 to 22828519 (138/270)...
Fetching blocks 22828520 to 22829319 (139/270)...
Fetching blocks 22829320 to 22830119 (140/270)...
Fetching blocks 22830120 to 22830919 (141/270)...
Fetching blocks 22830920 to 22831719 (142/270)...
Fetching blocks 22831720 to 22832519 (143/270)...
Fetching blocks 22832520 to 22833319 (144/270)...
Fetching blocks 22833320 to 22834119 (145/270)...
Fetching blocks 22834120 to 22834919 (146/270)...
Fetching blocks 22834920 to 22835719 (147/270)...
Fetching blocks 22835720 to 22836519 (148/270)...
Fetching blocks 22836520 to 22837319 (149/270)...
Fetching blocks 22837320 to 22838119 (150/270)...
Fetching blocks 22838120 to 22838919 (151/270)...
Fetching blocks 22838920 to 22839719 (152/270)...
Fetching blocks 22839720 to 22840519 (153/270)...
Fetching blocks 22840520 to 22841319 (154/270)...
Fetching blocks 22841320 to 22842119 (155/270)...
Fetching blocks 22842120 to 22842919 (156/270)...
Fetching blocks 22842920 to 22843719 (157/270)...
Fetching blocks 22843720 to 22844519 (158/270)...
Fetching blocks 22844520 to 22845319 (159/270)...
Fetching blocks 22845320 to 22846119 (160/270)...
Fetching blocks 22846120 to 22846919 (161/270)...
Fetching blocks 22846920 to 22847719 (162/270)...
Fetching blocks 22847720 to 22848519 (163/270)...
Fetching blocks 22848520 to 22849319 (164/270)...
Fetching blocks 22849320 to 22850119 (165/270)...
Fetching blocks 22850120 to 22850919 (166/270)...
Fetching blocks 22850920 to 22851719 (167/270)...
Fetching blocks 22851720 to 22852519 (168/270)...
Fetching blocks 22852520 to 22853319 (169/270)...
Fetching blocks 22853320 to 22854119 (170/270)...
Fetching blocks 22854120 to 22854919 (171/270)...
Fetching blocks 22854920 to 22855719 (172/270)...
Fetching blocks 22855720 to 22856519 (173/270)...
Fetching blocks 22856520 to 22857319 (174/270)...
Fetching blocks 22857320 to 22858119 (175/270)...
Fetching blocks 22858120 to 22858919 (176/270)...
Fetching blocks 22858920 to 22859719 (177/270)...
Fetching blocks 22859720 to 22860519 (178/270)...
Fetching blocks 22860520 to 22861319 (179/270)...
Fetching blocks 22861320 to 22862119 (180/270)...
Fetching blocks 22862120 to 22862919 (181/270)...
Fetching blocks 22862920 to 22863719 (182/270)...
Fetching blocks 22863720 to 22864519 (183/270)...
Fetching blocks 22864520 to 22865319 (184/270)...
Fetching blocks 22865320 to 22866119 (185/270)...
Fetching blocks 22866120 to 22866919 (186/270)...
Fetching blocks 22866920 to 22867719 (187/270)...
Fetching blocks 22867720 to 22868519 (188/270)...
Fetching blocks 22868520 to 22869319 (189/270)...
Fetching blocks 22869320 to 22870119 (190/270)...
Fetching blocks 22870120 to 22870919 (191/270)...
Fetching blocks 22870920 to 22871719 (192/270)...
Fetching blocks 22871720 to 22872519 (193/270)...
Fetching blocks 22872520 to 22873319 (194/270)...
Fetching blocks 22873320 to 22874119 (195/270)...
Fetching blocks 22874120 to 22874919 (196/270)...
Fetching blocks 22874920 to 22875719 (197/270)...
Fetching blocks 22875720 to 22876519 (198/270)...
Fetching blocks 22876520 to 22877319 (199/270)...
Fetching blocks 22877320 to 22878119 (200/270)...
Fetching blocks 22878120 to 22878919 (201/270)...
Fetching blocks 22878920 to 22879719 (202/270)...
Fetching blocks 22879720 to 22880519 (203/270)...
Fetching blocks 22880520 to 22881319 (204/270)...
Fetching blocks 22881320 to 22882119 (205/270)...
Fetching blocks 22882120 to 22882919 (206/270)...
Fetching blocks 22882920 to 22883719 (207/270)...
Fetching blocks 22883720 to 22884519 (208/270)...
Fetching blocks 22884520 to 22885319 (209/270)...
Fetching blocks 22885320 to 22886119 (210/270)...
Fetching blocks 22886120 to 22886919 (211/270)...
Fetching blocks 22886920 to 22887719 (212/270)...
Fetching blocks 22887720 to 22888519 (213/270)...
Fetching blocks 22888520 to 22889319 (214/270)...
Fetching blocks 22889320 to 22890119 (215/270)...
Fetching blocks 22890120 to 22890919 (216/270)...
Fetching blocks 22890920 to 22891719 (217/270)...
Fetching blocks 22891720 to 22892519 (218/270)...
Fetching blocks 22892520 to 22893319 (219/270)...
Fetching blocks 22893320 to 22894119 (220/270)...
Fetching blocks 22894120 to 22894919 (221/270)...
Fetching blocks 22894920 to 22895719 (222/270)...
Fetching blocks 22895720 to 22896519 (223/270)...
Fetching blocks 22896520 to 22897319 (224/270)...
Fetching blocks 22897320 to 22898119 (225/270)...
Fetching blocks 22898120 to 22898919 (226/270)...
Fetching blocks 22898920 to 22899719 (227/270)...
Fetching blocks 22899720 to 22900519 (228/270)...
Fetching blocks 22900520 to 22901319 (229/270)...
Fetching blocks 22901320 to 22902119 (230/270)...
Fetching blocks 22902120 to 22902919 (231/270)...
Fetching blocks 22902920 to 22903719 (232/270)...
Fetching blocks 22903720 to 22904519 (233/270)...
Fetching blocks 22904520 to 22905319 (234/270)...
Fetching blocks 22905320 to 22906119 (235/270)...
Fetching blocks 22906120 to 22906919 (236/270)...
Fetching blocks 22906920 to 22907719 (237/270)...
Fetching blocks 22907720 to 22908519 (238/270)...
Fetching blocks 22908520 to 22909319 (239/270)...
Fetching blocks 22909320 to 22910119 (240/270)...
Fetching blocks 22910120 to 22910919 (241/270)...
Fetching blocks 22910920 to 22911719 (242/270)...
Fetching blocks 22911720 to 22912519 (243/270)...
Fetching blocks 22912520 to 22913319 (244/270)...
Fetching blocks 22913320 to 22914119 (245/270)...
Fetching blocks 22914120 to 22914919 (246/270)...
Fetching blocks 22914920 to 22915719 (247/270)...
Fetching blocks 22915720 to 22916519 (248/270)...
Fetching blocks 22916520 to 22917319 (249/270)...
Fetching blocks 22917320 to 22918119 (250/270)...
Fetching blocks 22918120 to 22918919 (251/270)...
Fetching blocks 22918920 to 22919719 (252/270)...
Fetching blocks 22919720 to 22920519 (253/270)...
Fetching blocks 22920520 to 22921319 (254/270)...
Fetching blocks 22921320 to 22922119 (255/270)...
Fetching blocks 22922120 to 22922919 (256/270)...
Fetching blocks 22922920 to 22923719 (257/270)...
Fetching blocks 22923720 to 22924519 (258/270)...
Fetching blocks 22924520 to 22925319 (259/270)...
Fetching blocks 22925320 to 22926119 (260/270)...
Fetching blocks 22926120 to 22926919 (261/270)...
Fetching blocks 22926920 to 22927719 (262/270)...
Fetching blocks 22927720 to 22928519 (263/270)...
Fetching blocks 22928520 to 22929319 (264/270)...
Fetching blocks 22929320 to 22930119 (265/270)...
Fetching blocks 22930120 to 22930919 (266/270)...
Fetching blocks 22930920 to 22931719 (267/270)...
Fetching blocks 22931720 to 22932519 (268/270)...
Fetching blocks 22932520 to 22933319 (269/270)...
Fetching blocks 22933320 to 22934119 (270/270)...
📊 Fetching REAL holder data from Moralis API...
📊 Total Supply: 14,216,697.812 TINC
📊 Fetching holders page 1 from Moralis...
📊 Page 1: Found 100 holders, total: 100
📊 Fetching holders page 2 from Moralis...
📊 Page 2: Found 100 holders, total: 200
📊 Fetching holders page 3 from Moralis...
📊 Page 3: Found 100 holders, total: 300
📊 Fetching holders page 4 from Moralis...
📊 Page 4: Found 100 holders, total: 400
📊 Fetching holders page 5 from Moralis...
📊 Page 5: Found 100 holders, total: 500
📊 Fetching holders page 6 from Moralis...
📊 Page 6: Found 100 holders, total: 600
📊 Fetching holders page 7 from Moralis...
📊 Page 7: Found 100 holders, total: 700
📊 Fetching holders page 8 from Moralis...
📊 Page 8: Found 100 holders, total: 800
📊 Fetching holders page 9 from Moralis...
📊 Page 9: Found 100 holders, total: 900
📊 Fetching holders page 10 from Moralis...
📊 Page 10: Found 83 holders, total: 983
📊 Total holders found: 983
📊 Filtered out 1 LP/contract/zero balance addresses
📊 Top 10 holders own: 38.30% of total supply
📊 REAL HOLDER COUNTS (Moralis API):
🔱 Poseidon (10%+): 1
🐋 Whale (1%+): 6
🦈 Shark (0.1%+): 36
🐬 Dolphin (0.01%+): 99
🦑 Squid (0.001%+): 199
🍤 Shrimp (<0.001%): 641
✅ Successfully updated burn data!
📊 Total Supply: 14,216,697.812 TINC
🔥 Total Burned: 796,108.222 TINC
⚡ Emission Rate: 1.0000 TINC/sec
📈 Deflationary: Yes
👥 Total Holders: 982
🔱 Poseidon (10%+): 1
🐋 Whale (1%+): 6
📅 Data saved to: /home/wsl/projects/TINC/data/burn-data.json
✅ Data fetch successful, copying to public folder...
✅ Data copied to public folder
📤 Committing and pushing...
[master d8e1561] Auto-update: 7/16/2025, 1:26:11 PM
 2 files changed, 30 insertions(+), 10 deletions(-)
To https://github.com/MaximCincinnatis/TINC.git
   f35a9fc..d8e1561  master -> master
✅ Update complete!
⏰ Next update scheduled for: 7/16/2025, 1:56:12 PM


📊 Starting update: 7/16/2025, 1:56:16 PM
🚀 Starting data fetch...
Fetching TINC burn data...
Using TINC standard emission rate: 1.0 TINC/sec
Fetching burns from block 22718281 to 22934281
Fetching blocks 22718281 to 22719080 (1/270)...
Fetching blocks 22719081 to 22719880 (2/270)...
Fetching blocks 22719881 to 22720680 (3/270)...
Fetching blocks 22720681 to 22721480 (4/270)...
Fetching blocks 22721481 to 22722280 (5/270)...
Fetching blocks 22722281 to 22723080 (6/270)...
Fetching blocks 22723081 to 22723880 (7/270)...
Fetching blocks 22723881 to 22724680 (8/270)...
Fetching blocks 22724681 to 22725480 (9/270)...
Fetching blocks 22725481 to 22726280 (10/270)...
Fetching blocks 22726281 to 22727080 (11/270)...
Fetching blocks 22727081 to 22727880 (12/270)...
Fetching blocks 22727881 to 22728680 (13/270)...
Fetching blocks 22728681 to 22729480 (14/270)...
Fetching blocks 22729481 to 22730280 (15/270)...
Fetching blocks 22730281 to 22731080 (16/270)...
Fetching blocks 22731081 to 22731880 (17/270)...
Fetching blocks 22731881 to 22732680 (18/270)...
Fetching blocks 22732681 to 22733480 (19/270)...
Fetching blocks 22733481 to 22734280 (20/270)...
Fetching blocks 22734281 to 22735080 (21/270)...
Fetching blocks 22735081 to 22735880 (22/270)...
Fetching blocks 22735881 to 22736680 (23/270)...
Fetching blocks 22736681 to 22737480 (24/270)...
Fetching blocks 22737481 to 22738280 (25/270)...
Fetching blocks 22738281 to 22739080 (26/270)...
Fetching blocks 22739081 to 22739880 (27/270)...
Fetching blocks 22739881 to 22740680 (28/270)...
Fetching blocks 22740681 to 22741480 (29/270)...
Fetching blocks 22741481 to 22742280 (30/270)...
Fetching blocks 22742281 to 22743080 (31/270)...
Fetching blocks 22743081 to 22743880 (32/270)...
Fetching blocks 22743881 to 22744680 (33/270)...
Fetching blocks 22744681 to 22745480 (34/270)...
Fetching blocks 22745481 to 22746280 (35/270)...
Fetching blocks 22746281 to 22747080 (36/270)...
Fetching blocks 22747081 to 22747880 (37/270)...
Fetching blocks 22747881 to 22748680 (38/270)...
Fetching blocks 22748681 to 22749480 (39/270)...
Fetching blocks 22749481 to 22750280 (40/270)...
Fetching blocks 22750281 to 22751080 (41/270)...
Fetching blocks 22751081 to 22751880 (42/270)...
Fetching blocks 22751881 to 22752680 (43/270)...
Fetching blocks 22752681 to 22753480 (44/270)...
Fetching blocks 22753481 to 22754280 (45/270)...
Fetching blocks 22754281 to 22755080 (46/270)...
Fetching blocks 22755081 to 22755880 (47/270)...
Fetching blocks 22755881 to 22756680 (48/270)...
Fetching blocks 22756681 to 22757480 (49/270)...
Fetching blocks 22757481 to 22758280 (50/270)...
Fetching blocks 22758281 to 22759080 (51/270)...
Fetching blocks 22759081 to 22759880 (52/270)...
Fetching blocks 22759881 to 22760680 (53/270)...
Fetching blocks 22760681 to 22761480 (54/270)...
Fetching blocks 22761481 to 22762280 (55/270)...
Fetching blocks 22762281 to 22763080 (56/270)...
Fetching blocks 22763081 to 22763880 (57/270)...
Fetching blocks 22763881 to 22764680 (58/270)...
Fetching blocks 22764681 to 22765480 (59/270)...
Fetching blocks 22765481 to 22766280 (60/270)...
Fetching blocks 22766281 to 22767080 (61/270)...
Fetching blocks 22767081 to 22767880 (62/270)...
Fetching blocks 22767881 to 22768680 (63/270)...
Fetching blocks 22768681 to 22769480 (64/270)...
Fetching blocks 22769481 to 22770280 (65/270)...
Fetching blocks 22770281 to 22771080 (66/270)...
Fetching blocks 22771081 to 22771880 (67/270)...
Fetching blocks 22771881 to 22772680 (68/270)...
Fetching blocks 22772681 to 22773480 (69/270)...
Fetching blocks 22773481 to 22774280 (70/270)...
Fetching blocks 22774281 to 22775080 (71/270)...
Fetching blocks 22775081 to 22775880 (72/270)...
Fetching blocks 22775881 to 22776680 (73/270)...
Fetching blocks 22776681 to 22777480 (74/270)...
Fetching blocks 22777481 to 22778280 (75/270)...
Fetching blocks 22778281 to 22779080 (76/270)...
Fetching blocks 22779081 to 22779880 (77/270)...
Fetching blocks 22779881 to 22780680 (78/270)...
Fetching blocks 22780681 to 22781480 (79/270)...
Fetching blocks 22781481 to 22782280 (80/270)...
Fetching blocks 22782281 to 22783080 (81/270)...
Fetching blocks 22783081 to 22783880 (82/270)...
Fetching blocks 22783881 to 22784680 (83/270)...
Fetching blocks 22784681 to 22785480 (84/270)...
Fetching blocks 22785481 to 22786280 (85/270)...
Fetching blocks 22786281 to 22787080 (86/270)...
Fetching blocks 22787081 to 22787880 (87/270)...
Fetching blocks 22787881 to 22788680 (88/270)...
Fetching blocks 22788681 to 22789480 (89/270)...
Fetching blocks 22789481 to 22790280 (90/270)...
Fetching blocks 22790281 to 22791080 (91/270)...
Fetching blocks 22791081 to 22791880 (92/270)...
Fetching blocks 22791881 to 22792680 (93/270)...
Fetching blocks 22792681 to 22793480 (94/270)...
Fetching blocks 22793481 to 22794280 (95/270)...
Fetching blocks 22794281 to 22795080 (96/270)...
Fetching blocks 22795081 to 22795880 (97/270)...
Fetching blocks 22795881 to 22796680 (98/270)...
Fetching blocks 22796681 to 22797480 (99/270)...
Fetching blocks 22797481 to 22798280 (100/270)...
Fetching blocks 22798281 to 22799080 (101/270)...
Fetching blocks 22799081 to 22799880 (102/270)...
Fetching blocks 22799881 to 22800680 (103/270)...
Fetching blocks 22800681 to 22801480 (104/270)...
Fetching blocks 22801481 to 22802280 (105/270)...
Fetching blocks 22802281 to 22803080 (106/270)...
Fetching blocks 22803081 to 22803880 (107/270)...
Fetching blocks 22803881 to 22804680 (108/270)...
Fetching blocks 22804681 to 22805480 (109/270)...
Fetching blocks 22805481 to 22806280 (110/270)...
Fetching blocks 22806281 to 22807080 (111/270)...
Fetching blocks 22807081 to 22807880 (112/270)...
Fetching blocks 22807881 to 22808680 (113/270)...
Fetching blocks 22808681 to 22809480 (114/270)...
Fetching blocks 22809481 to 22810280 (115/270)...
Fetching blocks 22810281 to 22811080 (116/270)...
Fetching blocks 22811081 to 22811880 (117/270)...
Fetching blocks 22811881 to 22812680 (118/270)...
Fetching blocks 22812681 to 22813480 (119/270)...
Fetching blocks 22813481 to 22814280 (120/270)...
Fetching blocks 22814281 to 22815080 (121/270)...
Fetching blocks 22815081 to 22815880 (122/270)...
Fetching blocks 22815881 to 22816680 (123/270)...
Fetching blocks 22816681 to 22817480 (124/270)...
Fetching blocks 22817481 to 22818280 (125/270)...
Fetching blocks 22818281 to 22819080 (126/270)...
Fetching blocks 22819081 to 22819880 (127/270)...
Fetching blocks 22819881 to 22820680 (128/270)...
Fetching blocks 22820681 to 22821480 (129/270)...
Fetching blocks 22821481 to 22822280 (130/270)...
Fetching blocks 22822281 to 22823080 (131/270)...
Fetching blocks 22823081 to 22823880 (132/270)...
Fetching blocks 22823881 to 22824680 (133/270)...
Fetching blocks 22824681 to 22825480 (134/270)...
Fetching blocks 22825481 to 22826280 (135/270)...
Fetching blocks 22826281 to 22827080 (136/270)...
Fetching blocks 22827081 to 22827880 (137/270)...
Fetching blocks 22827881 to 22828680 (138/270)...
Fetching blocks 22828681 to 22829480 (139/270)...
Fetching blocks 22829481 to 22830280 (140/270)...
Fetching blocks 22830281 to 22831080 (141/270)...
Fetching blocks 22831081 to 22831880 (142/270)...
Fetching blocks 22831881 to 22832680 (143/270)...
Fetching blocks 22832681 to 22833480 (144/270)...
Fetching blocks 22833481 to 22834280 (145/270)...
Fetching blocks 22834281 to 22835080 (146/270)...
Fetching blocks 22835081 to 22835880 (147/270)...
Fetching blocks 22835881 to 22836680 (148/270)...
Fetching blocks 22836681 to 22837480 (149/270)...
Fetching blocks 22837481 to 22838280 (150/270)...
Fetching blocks 22838281 to 22839080 (151/270)...
Fetching blocks 22839081 to 22839880 (152/270)...
Fetching blocks 22839881 to 22840680 (153/270)...
Fetching blocks 22840681 to 22841480 (154/270)...
Fetching blocks 22841481 to 22842280 (155/270)...
Fetching blocks 22842281 to 22843080 (156/270)...
Fetching blocks 22843081 to 22843880 (157/270)...
Fetching blocks 22843881 to 22844680 (158/270)...
Fetching blocks 22844681 to 22845480 (159/270)...
Fetching blocks 22845481 to 22846280 (160/270)...
Fetching blocks 22846281 to 22847080 (161/270)...
Fetching blocks 22847081 to 22847880 (162/270)...
Fetching blocks 22847881 to 22848680 (163/270)...
Fetching blocks 22848681 to 22849480 (164/270)...
Fetching blocks 22849481 to 22850280 (165/270)...
Fetching blocks 22850281 to 22851080 (166/270)...
Fetching blocks 22851081 to 22851880 (167/270)...
Fetching blocks 22851881 to 22852680 (168/270)...
Fetching blocks 22852681 to 22853480 (169/270)...
Fetching blocks 22853481 to 22854280 (170/270)...
Fetching blocks 22854281 to 22855080 (171/270)...
Fetching blocks 22855081 to 22855880 (172/270)...
Fetching blocks 22855881 to 22856680 (173/270)...
Fetching blocks 22856681 to 22857480 (174/270)...
Fetching blocks 22857481 to 22858280 (175/270)...
Fetching blocks 22858281 to 22859080 (176/270)...
Fetching blocks 22859081 to 22859880 (177/270)...
Fetching blocks 22859881 to 22860680 (178/270)...
Fetching blocks 22860681 to 22861480 (179/270)...
Fetching blocks 22861481 to 22862280 (180/270)...
Fetching blocks 22862281 to 22863080 (181/270)...
Fetching blocks 22863081 to 22863880 (182/270)...
Fetching blocks 22863881 to 22864680 (183/270)...
Fetching blocks 22864681 to 22865480 (184/270)...
Fetching blocks 22865481 to 22866280 (185/270)...
Fetching blocks 22866281 to 22867080 (186/270)...
Fetching blocks 22867081 to 22867880 (187/270)...
Fetching blocks 22867881 to 22868680 (188/270)...
Fetching blocks 22868681 to 22869480 (189/270)...
Fetching blocks 22869481 to 22870280 (190/270)...
Fetching blocks 22870281 to 22871080 (191/270)...
Fetching blocks 22871081 to 22871880 (192/270)...
Fetching blocks 22871881 to 22872680 (193/270)...
Fetching blocks 22872681 to 22873480 (194/270)...
Fetching blocks 22873481 to 22874280 (195/270)...
Fetching blocks 22874281 to 22875080 (196/270)...
Fetching blocks 22875081 to 22875880 (197/270)...
Fetching blocks 22875881 to 22876680 (198/270)...
Fetching blocks 22876681 to 22877480 (199/270)...
Fetching blocks 22877481 to 22878280 (200/270)...
Fetching blocks 22878281 to 22879080 (201/270)...
Fetching blocks 22879081 to 22879880 (202/270)...
Fetching blocks 22879881 to 22880680 (203/270)...
Fetching blocks 22880681 to 22881480 (204/270)...
Fetching blocks 22881481 to 22882280 (205/270)...
Fetching blocks 22882281 to 22883080 (206/270)...
Fetching blocks 22883081 to 22883880 (207/270)...
Fetching blocks 22883881 to 22884680 (208/270)...
Fetching blocks 22884681 to 22885480 (209/270)...
Fetching blocks 22885481 to 22886280 (210/270)...
Fetching blocks 22886281 to 22887080 (211/270)...
Fetching blocks 22887081 to 22887880 (212/270)...
Fetching blocks 22887881 to 22888680 (213/270)...
Fetching blocks 22888681 to 22889480 (214/270)...
Fetching blocks 22889481 to 22890280 (215/270)...
Fetching blocks 22890281 to 22891080 (216/270)...
Fetching blocks 22891081 to 22891880 (217/270)...
Fetching blocks 22891881 to 22892680 (218/270)...
Fetching blocks 22892681 to 22893480 (219/270)...
Fetching blocks 22893481 to 22894280 (220/270)...
Fetching blocks 22894281 to 22895080 (221/270)...
Fetching blocks 22895081 to 22895880 (222/270)...
Fetching blocks 22895881 to 22896680 (223/270)...
Fetching blocks 22896681 to 22897480 (224/270)...
Fetching blocks 22897481 to 22898280 (225/270)...
Fetching blocks 22898281 to 22899080 (226/270)...
Fetching blocks 22899081 to 22899880 (227/270)...
Fetching blocks 22899881 to 22900680 (228/270)...
Fetching blocks 22900681 to 22901480 (229/270)...
Fetching blocks 22901481 to 22902280 (230/270)...
Fetching blocks 22902281 to 22903080 (231/270)...
Fetching blocks 22903081 to 22903880 (232/270)...
Fetching blocks 22903881 to 22904680 (233/270)...
Fetching blocks 22904681 to 22905480 (234/270)...
Fetching blocks 22905481 to 22906280 (235/270)...
Fetching blocks 22906281 to 22907080 (236/270)...
Fetching blocks 22907081 to 22907880 (237/270)...
Fetching blocks 22907881 to 22908680 (238/270)...
Fetching blocks 22908681 to 22909480 (239/270)...
Fetching blocks 22909481 to 22910280 (240/270)...
Fetching blocks 22910281 to 22911080 (241/270)...
Fetching blocks 22911081 to 22911880 (242/270)...
Fetching blocks 22911881 to 22912680 (243/270)...
Fetching blocks 22912681 to 22913480 (244/270)...
Fetching blocks 22913481 to 22914280 (245/270)...
Fetching blocks 22914281 to 22915080 (246/270)...
Fetching blocks 22915081 to 22915880 (247/270)...
Fetching blocks 22915881 to 22916680 (248/270)...
Fetching blocks 22916681 to 22917480 (249/270)...
Fetching blocks 22917481 to 22918280 (250/270)...
Fetching blocks 22918281 to 22919080 (251/270)...
Fetching blocks 22919081 to 22919880 (252/270)...
Fetching blocks 22919881 to 22920680 (253/270)...
Fetching blocks 22920681 to 22921480 (254/270)...
Fetching blocks 22921481 to 22922280 (255/270)...
Fetching blocks 22922281 to 22923080 (256/270)...
Fetching blocks 22923081 to 22923880 (257/270)...
Fetching blocks 22923881 to 22924680 (258/270)...
Fetching blocks 22924681 to 22925480 (259/270)...
Fetching blocks 22925481 to 22926280 (260/270)...
Fetching blocks 22926281 to 22927080 (261/270)...
Fetching blocks 22927081 to 22927880 (262/270)...
Fetching blocks 22927881 to 22928680 (263/270)...
Fetching blocks 22928681 to 22929480 (264/270)...
Fetching blocks 22929481 to 22930280 (265/270)...
Fetching blocks 22930281 to 22931080 (266/270)...
Fetching blocks 22931081 to 22931880 (267/270)...
Fetching blocks 22931881 to 22932680 (268/270)...
Fetching blocks 22932681 to 22933480 (269/270)...
Fetching blocks 22933481 to 22934280 (270/270)...
Fetching blocks 22934281 to 22934281 (271/270)...
📊 Fetching REAL holder data from Moralis API...
📊 Total Supply: 14,216,697.812 TINC
📊 Fetching holders page 1 from Moralis...
📊 Page 1: Found 100 holders, total: 100
📊 Fetching holders page 2 from Moralis...
📊 Page 2: Found 100 holders, total: 200
📊 Fetching holders page 3 from Moralis...
📊 Page 3: Found 100 holders, total: 300
📊 Fetching holders page 4 from Moralis...
📊 Page 4: Found 100 holders, total: 400
📊 Fetching holders page 5 from Moralis...
📊 Page 5: Found 100 holders, total: 500
📊 Fetching holders page 6 from Moralis...
📊 Page 6: Found 100 holders, total: 600
📊 Fetching holders page 7 from Moralis...
📊 Page 7: Found 100 holders, total: 700
📊 Fetching holders page 8 from Moralis...
📊 Page 8: Found 100 holders, total: 800
📊 Fetching holders page 9 from Moralis...
📊 Page 9: Found 100 holders, total: 900
📊 Fetching holders page 10 from Moralis...
📊 Page 10: Found 83 holders, total: 983
📊 Total holders found: 983
📊 Filtered out 1 LP/contract/zero balance addresses
📊 Top 10 holders own: 38.30% of total supply
📊 REAL HOLDER COUNTS (Moralis API):
🔱 Poseidon (10%+): 1
🐋 Whale (1%+): 6
🦈 Shark (0.1%+): 36
🐬 Dolphin (0.01%+): 99
🦑 Squid (0.001%+): 199
🍤 Shrimp (<0.001%): 641
✅ Successfully updated burn data!
📊 Total Supply: 14,216,697.812 TINC
🔥 Total Burned: 793,434.016 TINC
⚡ Emission Rate: 1.0000 TINC/sec
📈 Deflationary: Yes
👥 Total Holders: 982
🔱 Poseidon (10%+): 1
🐋 Whale (1%+): 6
📅 Data saved to: /home/wsl/projects/TINC/data/burn-data.json
✅ Data fetch successful, copying to public folder...
✅ Data copied to public folder
📤 Committing and pushing...
[master 86b708f] Auto-update: 7/16/2025, 1:58:30 PM
 2 files changed, 10 insertions(+), 20 deletions(-)
To https://github.com/MaximCincinnatis/TINC.git
   d8e1561..86b708f  master -> master
✅ Update complete!
⏰ Next update scheduled for: 7/16/2025, 2:28:31 PM

